LAB6_BAR.bar>>MB7BROKER>>MB7_EG>>0>>1399403922014
2871<<Administration Result<<2014-05-07 00:48:42.505 IST<<upender<<deploy<<C:/Users/IBM_ADMIN/IBM/wmbt70/LABS/LAB6_PROJECT/LAB6_BAR.bar<<BAR<<MB7_EG<<ExecutionGroup<<COMPLETE
LAB6_BAR.bar>>MB7BROKER>>MB7_EG>>0>>1399403952621
2871<<Administration Result<<2014-05-07 00:49:14.285 IST<<upender<<deploy<<C:/Users/IBM_ADMIN/IBM/wmbt70/LABS/LAB6_PROJECT/LAB6_BAR.bar<<BAR<<MB7_EG<<ExecutionGroup<<COMPLETE
LAB6_BAR.bar>>MB7BROKER>>MB7_EG>>0>>1399404129136
2871<<Administration Result<<2014-05-07 00:54:31.984 IST<<upender<<deploy<<C:/Users/IBM_ADMIN/IBM/wmbt70/LABS/LAB6_PROJECT/LAB6_BAR.bar<<BAR<<MB7_EG<<ExecutionGroup<<COMPLETE
LAB6_BAR.bar>>MB7BROKER>>MB7_EG>>0>>1399404201020
2871<<Administration Result<<2014-05-07 00:54:37.042 IST<<upender<<deploy<<C:/Users/IBM_ADMIN/IBM/wmbt70/LABS/LAB6_PROJECT/LAB6_BAR.bar<<BAR<<MB7_EG<<ExecutionGroup<<COMPLETE
LAB6_BAR.bar>>MB7BROKER>>MB7_EG>>0>>1399404285735
2871<<Administration Result<<2014-05-07 00:54:46.472 IST<<upender<<deploy<<C:/Users/IBM_ADMIN/IBM/wmbt70/LABS/LAB6_PROJECT/LAB6_BAR.bar<<BAR<<MB7_EG<<ExecutionGroup<<COMPLETE
LAB6_BAR.bar>>MB7BROKER>>MB7_EG>>0>>1399404515881
2871<<Administration Result<<2014-05-07 00:58:40.868 IST<<upender<<deploy<<C:/Users/IBM_ADMIN/IBM/wmbt70/LABS/LAB6_PROJECT/LAB6_BAR.bar<<BAR<<MB7_EG<<ExecutionGroup<<COMPLETE
LAB6_BAR.bar>>MB7BROKER>>MB7_EG>>0>>1399404625940
2871<<Administration Result<<2014-05-07 01:00:28.338 IST<<upender<<deploy<<C:/Users/IBM_ADMIN/IBM/wmbt70/LABS/LAB6_PROJECT/LAB6_BAR.bar<<BAR<<MB7_EG<<ExecutionGroup<<COMPLETE
LAB7_BAR.bar>>MB7BROKER>>MB7_EG>>0>>1399481290900
2871<<Administration Result<<2014-05-07 22:18:13.572 IST<<upender<<deploy<<C:/Users/IBM_ADMIN/IBM/wmbt70/LABS/LAB7_PROJECT/LAB7_BAR.bar<<BAR<<MB7_EG<<ExecutionGroup<<COMPLETE
LAB7_BAR.bar>>MB7BROKER>>MB7_EG>>0>>1399481633852
2871<<Administration Result<<2014-05-07 22:23:58.072 IST<<upender<<deploy<<C:/Users/IBM_ADMIN/IBM/wmbt70/LABS/LAB7_PROJECT/LAB7_BAR.bar<<BAR<<MB7_EG<<ExecutionGroup<<COMPLETE
LAB7_BAR.bar>>MB7BROKER>>MB7_EG>>0>>1399481719184
2871<<Administration Result<<2014-05-07 22:25:21.466 IST<<upender<<deploy<<C:/Users/IBM_ADMIN/IBM/wmbt70/LABS/LAB7_PROJECT/LAB7_BAR.bar<<BAR<<MB7_EG<<ExecutionGroup<<COMPLETE
LAB7_BAR.bar>>MB7BROKER>>MB7_EG>>0>>1399481798968
2871<<Administration Result<<2014-05-07 22:26:43.829 IST<<upender<<deploy<<C:/Users/IBM_ADMIN/IBM/wmbt70/LABS/LAB7_PROJECT/LAB7_BAR.bar<<BAR<<MB7_EG<<ExecutionGroup<<COMPLETE
LAB7_BAR.bar>>MB7BROKER>>MB7_EG>>0>>1399482069680
2871<<Administration Result<<2014-05-07 22:31:14.059 IST<<upender<<deploy<<C:/Users/IBM_ADMIN/IBM/wmbt70/LABS/LAB7_PROJECT/LAB7_BAR.bar<<BAR<<MB7_EG<<ExecutionGroup<<COMPLETE
LAB7_BAR.bar>>MB7BROKER>>MB7_EG>>0>>1399482341693
2871<<Administration Result<<2014-05-07 22:35:47.368 IST<<upender<<deploy<<C:/Users/IBM_ADMIN/IBM/wmbt70/LABS/LAB7_PROJECT/LAB7_BAR.bar<<BAR<<MB7_EG<<ExecutionGroup<<COMPLETE
LAB7_BAR.bar>>MB7BROKER>>MB7_EG>>0>>1399482838244
2871<<Administration Result<<2014-05-07 22:44:01.241 IST<<upender<<deploy<<C:/Users/IBM_ADMIN/IBM/wmbt70/LABS/LAB7_PROJECT/LAB7_BAR.bar<<BAR<<MB7_EG<<ExecutionGroup<<COMPLETE
LAB7_BAR.bar>>MB7BROKER>>MB7_EG>>0>>1399482898024
2871<<Administration Result<<2014-05-07 22:45:02.957 IST<<upender<<deploy<<C:/Users/IBM_ADMIN/IBM/wmbt70/LABS/LAB7_PROJECT/LAB7_BAR.bar<<BAR<<MB7_EG<<ExecutionGroup<<COMPLETE
LAB7_BAR.bar>>MB7BROKER>>MB7_EG>>0>>1399484818972
2871<<Administration Result<<2014-05-07 23:17:02.759 IST<<upender<<deploy<<C:/Users/IBM_ADMIN/IBM/wmbt70/LABS/LAB7_PROJECT/LAB7_BAR.bar<<BAR<<MB7_EG<<ExecutionGroup<<COMPLETE
LAB12_BAR.bar>>MB7BROKER>>MB7_EG>>0>>1399488755884
2871<<Administration Result<<2014-05-08 00:22:39.447 IST<<upender<<deploy<<C:/Users/IBM_ADMIN/IBM/wmbt70/LABS/LAB12_PROJECT/LAB12_BAR.bar<<BAR<<MB7_EG<<ExecutionGroup<<COMPLETE
LAB12_BAR.bar>>MB7BROKER>>MB7_EG>>0>>1399489183684
2871<<Administration Result<<2014-05-08 00:29:50.105 IST<<upender<<deploy<<C:/Users/IBM_ADMIN/IBM/wmbt70/LABS/LAB12_PROJECT/LAB12_BAR.bar<<BAR<<MB7_EG<<ExecutionGroup<<COMPLETE
LAB12_BAR.bar>>MB7BROKER>>MB7_EG>>0>>1399489274289
2871<<Administration Result<<2014-05-08 00:31:21.272 IST<<upender<<deploy<<C:/Users/IBM_ADMIN/IBM/wmbt70/LABS/LAB12_PROJECT/LAB12_BAR.bar<<BAR<<MB7_EG<<ExecutionGroup<<COMPLETE
LAB12_BAR.bar>>MB7BROKER>>MB7_EG>>0>>1399489544420
2871<<Administration Result<<2014-05-08 00:35:50.208 IST<<upender<<deploy<<C:/Users/IBM_ADMIN/IBM/wmbt70/LABS/LAB12_PROJECT/LAB12_BAR.bar<<BAR<<MB7_EG<<ExecutionGroup<<COMPLETE
LAB12_BAR.bar>>MB7BROKER>>MB7_EG>>0>>1399490424726
2871<<Administration Result<<2014-05-08 00:50:29.488 IST<<upender<<deploy<<C:/Users/IBM_ADMIN/IBM/wmbt70/LABS/LAB12_PROJECT/LAB12_BAR.bar<<BAR<<MB7_EG<<ExecutionGroup<<COMPLETE
LAB12_BAR.bar>>MB7BROKER>>MB7_EG>>0>>1399490550424
2871<<Administration Result<<2014-05-08 00:52:37.813 IST<<upender<<deploy<<C:/Users/IBM_ADMIN/IBM/wmbt70/LABS/LAB12_PROJECT/LAB12_BAR.bar<<BAR<<MB7_EG<<ExecutionGroup<<COMPLETE
LAB12_BAR.bar>>MB7BROKER>>MB7_EG>>0>>1399490748316
2871<<Administration Result<<2014-05-08 00:55:54.099 IST<<upender<<deploy<<C:/Users/IBM_ADMIN/IBM/wmbt70/LABS/LAB12_PROJECT/LAB12_BAR.bar<<BAR<<MB7_EG<<ExecutionGroup<<COMPLETE
LAB12_BAR.bar>>MB7BROKER>>MB7_EG>>0>>1399491191620
2871<<Administration Result<<2014-05-08 01:03:18.694 IST<<upender<<deploy<<C:/Users/IBM_ADMIN/IBM/wmbt70/LABS/LAB12_PROJECT/LAB12_BAR.bar<<BAR<<MB7_EG<<ExecutionGroup<<COMPLETE
LAB12_BAR.bar>>MB7BROKER>>MB7_EG>>0>>1399491470783
2871<<Administration Result<<2014-05-08 01:07:59.155 IST<<upender<<deploy<<C:/Users/IBM_ADMIN/IBM/wmbt70/LABS/LAB12_PROJECT/LAB12_BAR.bar<<BAR<<MB7_EG<<ExecutionGroup<<COMPLETE
LAB12_BAR.bar>>MB7BROKER>>MB7_EG>>0>>1399491574867
2871<<Administration Result<<2014-05-08 01:09:41.927 IST<<upender<<deploy<<C:/Users/IBM_ADMIN/IBM/wmbt70/LABS/LAB12_PROJECT/LAB12_BAR.bar<<BAR<<MB7_EG<<ExecutionGroup<<COMPLETE
LAB12_BAR.bar>>MB7BROKER>>MB7_EG>>0>>1399491713551
2871<<Administration Result<<2014-05-08 01:11:58.673 IST<<upender<<deploy<<C:/Users/IBM_ADMIN/IBM/wmbt70/LABS/LAB12_PROJECT/LAB12_BAR.bar<<BAR<<MB7_EG<<ExecutionGroup<<COMPLETE
LAB12_BAR.bar>>MB7BROKER>>MB7_EG>>0>>1399491854700
2871<<Administration Result<<2014-05-08 01:14:22.133 IST<<upender<<deploy<<C:/Users/IBM_ADMIN/IBM/wmbt70/LABS/LAB12_PROJECT/LAB12_BAR.bar<<BAR<<MB7_EG<<ExecutionGroup<<COMPLETE
LAB12_BAR.bar>>MB7BROKER>>MB7_EG>>0>>1399491945726
2871<<Administration Result<<2014-05-08 01:15:51.552 IST<<upender<<deploy<<C:/Users/IBM_ADMIN/IBM/wmbt70/LABS/LAB12_PROJECT/LAB12_BAR.bar<<BAR<<MB7_EG<<ExecutionGroup<<COMPLETE
LAB12_BAR.bar>>MB7BROKER>>HTTPHeaderNodeSampleExecutionGroup>>2>>1399492361655
2851<<MB7BROKER<<2014-05-08 01:22:41.754 IST<<deploy<<ExecutionGroup<<HTTPHeaderNodeSampleExecutionGroup<<ExecutionGroup<<615beaca-4501-0000-0080-f007a7ae3d55<<<<<<<<<<
LAB12_BAR.bar>>MB7BROKER>>MB7_EG>>0>>1399492375118
2871<<Administration Result<<2014-05-08 01:23:02.649 IST<<upender<<deploy<<C:/Users/IBM_ADMIN/IBM/wmbt70/LABS/LAB12_PROJECT/LAB12_BAR.bar<<BAR<<MB7_EG<<ExecutionGroup<<COMPLETE
LAB12_BAR.bar>>MB7BROKER>>MB7_EG>>0>>1399492758261
2871<<Administration Result<<2014-05-08 01:29:24.329 IST<<upender<<deploy<<C:/Users/IBM_ADMIN/IBM/wmbt70/LABS/LAB12_PROJECT/LAB12_BAR.bar<<BAR<<MB7_EG<<ExecutionGroup<<COMPLETE
LAB12_BAR.bar>>MB7BROKER>>MB7_EG>>0>>1399492920814
2871<<Administration Result<<2014-05-08 01:32:05.710 IST<<upender<<deploy<<C:/Users/IBM_ADMIN/IBM/wmbt70/LABS/LAB12_PROJECT/LAB12_BAR.bar<<BAR<<MB7_EG<<ExecutionGroup<<COMPLETE
ClientServer.bar>>MB7BROKER>>MB7_EG>>2>>1399551670176
2087<<Runtime Response<<2014-05-08 17:51:11.036 IST<<MB7BROKER<<39f01db7-ed87-4b38-93ee-527da15c951f
4041<<Runtime Response<<2014-05-08 17:51:11.037 IST<<MB7_EG<<66f08b94-4501-0000-0080-f643aecdb392
3726<<Runtime Response<<2014-05-08 17:51:11.037 IST<<SOAP Request
3732<<Runtime Response<<2014-05-08 17:51:11.037 IST<<OrderServiceSOAP<<C:\ProgramData\Application Data\IBM\MQSI\components\MB7BROKER\66f08b94-4501-0000-0080-f643aecdb392\c... (data of len 173 truncated)<<LAB12_MSG_SET<<http://www.acmeOrders.com/OrderService
2871<<Administration Result<<2014-05-08 17:51:11.038 IST<<upender<<deploy<<C:/Users/IBM_ADMIN/IBM/wmbt70/LABS/LAB12_Project2/ClientServer.bar<<BAR<<MB7_EG<<ExecutionGroup<<FAILED
ClientServer.bar>>MB7BROKER>>MB7_EG>>2>>1399551704914
2087<<Runtime Response<<2014-05-08 17:51:45.730 IST<<MB7BROKER<<39f01db7-ed87-4b38-93ee-527da15c951f
4041<<Runtime Response<<2014-05-08 17:51:45.731 IST<<MB7_EG<<66f08b94-4501-0000-0080-f643aecdb392
3726<<Runtime Response<<2014-05-08 17:51:45.731 IST<<SOAP Request
3732<<Runtime Response<<2014-05-08 17:51:45.732 IST<<OrderServiceSOAP<<C:\ProgramData\Application Data\IBM\MQSI\components\MB7BROKER\66f08b94-4501-0000-0080-f643aecdb392\c... (data of len 173 truncated)<<LAB12_MSG_SET<<http://www.acmeOrders.com/OrderService
2871<<Administration Result<<2014-05-08 17:51:45.732 IST<<upender<<deploy<<C:/Users/IBM_ADMIN/IBM/wmbt70/LABS/LAB12_Project2/ClientServer.bar<<BAR<<MB7_EG<<ExecutionGroup<<FAILED
ClientServer.bar>>MB7BROKER>>HTTPHeaderNodeSampleExecutionGroup>>2>>1399551876312
2851<<MB7BROKER<<2014-05-08 17:54:36.336 IST<<deploy<<ExecutionGroup<<HTTPHeaderNodeSampleExecutionGroup<<ExecutionGroup<<615beaca-4501-0000-0080-f007a7ae3d55<<<<<<<<<<
ClientServer.bar>>MB7BROKER>>MB7_EG>>0>>1399551884626
2871<<Administration Result<<2014-05-08 17:54:46.107 IST<<upender<<deploy<<C:/Users/IBM_ADMIN/IBM/wmbt70/LABS/LAB12_Project2/ClientServer.bar<<BAR<<MB7_EG<<ExecutionGroup<<COMPLETE
ClientServer.bar>>MB7BROKER>>MB7_EG>>0>>1399552554110
2871<<Administration Result<<2014-05-08 18:06:00.783 IST<<upender<<deploy<<C:/Users/IBM_ADMIN/IBM/wmbt70/LABS/LAB12_Project2/ClientServer.bar<<BAR<<MB7_EG<<ExecutionGroup<<COMPLETE
ClientServer.bar>>MB7BROKER>>MB7_EG>>0>>1399552711343
2871<<Administration Result<<2014-05-08 18:08:36.436 IST<<upender<<deploy<<C:/Users/IBM_ADMIN/IBM/wmbt70/LABS/LAB12_Project2/ClientServer.bar<<BAR<<MB7_EG<<ExecutionGroup<<COMPLETE
ClientServer.bar>>MB7BROKER>>MB7_EG>>0>>1399552881526
2871<<Administration Result<<2014-05-08 18:11:27.704 IST<<upender<<deploy<<C:/Users/IBM_ADMIN/IBM/wmbt70/LABS/LAB12_Project2/ClientServer.bar<<BAR<<MB7_EG<<ExecutionGroup<<COMPLETE
ClientServer.bar>>MB7BROKER>>MB7_EG>>0>>1399553143201
2871<<Administration Result<<2014-05-08 18:15:48.486 IST<<upender<<deploy<<C:/Users/IBM_ADMIN/IBM/wmbt70/LABS/LAB12_Project2/ClientServer.bar<<BAR<<MB7_EG<<ExecutionGroup<<COMPLETE
ClientServer.bar>>MB7BROKER>>MB7_EG>>0>>1399553339121
2871<<Administration Result<<2014-05-08 18:19:05.747 IST<<upender<<deploy<<C:/Users/IBM_ADMIN/IBM/wmbt70/LABS/LAB12_Project2/ClientServer.bar<<BAR<<MB7_EG<<ExecutionGroup<<COMPLETE
ClientServer.bar>>MB7BROKER>>MB7_EG>>0>>1399553579917
2871<<Administration Result<<2014-05-08 18:23:05.601 IST<<upender<<deploy<<C:/Users/IBM_ADMIN/IBM/wmbt70/LABS/LAB12_Project2/ClientServer.bar<<BAR<<MB7_EG<<ExecutionGroup<<COMPLETE
ClientServer.bar>>MB7BROKER>>MB7_EG>>0>>1399553646561
2871<<Administration Result<<2014-05-08 18:24:16.352 IST<<upender<<deploy<<C:/Users/IBM_ADMIN/IBM/wmbt70/LABS/LAB12_Project2/ClientServer.bar<<BAR<<MB7_EG<<ExecutionGroup<<COMPLETE
ClientServer.bar>>MB7BROKER>>HTTPHeaderNodeSampleExecutionGroup>>2>>1399553802873
2851<<MB7BROKER<<2014-05-08 18:26:42.920 IST<<deploy<<ExecutionGroup<<HTTPHeaderNodeSampleExecutionGroup<<ExecutionGroup<<615beaca-4501-0000-0080-f007a7ae3d55<<<<<<<<<<
ClientServer.bar>>MB7BROKER>>MB7_EG>>0>>1399553818333
2871<<Administration Result<<2014-05-08 18:27:03.255 IST<<upender<<deploy<<C:/Users/IBM_ADMIN/IBM/wmbt70/LABS/LAB12_Project2/ClientServer.bar<<BAR<<MB7_EG<<ExecutionGroup<<COMPLETE
ClientServer.bar>>MB7BROKER>>MB7_EG>>0>>1399553980856
2871<<Administration Result<<2014-05-08 18:29:44.840 IST<<upender<<deploy<<C:/Users/IBM_ADMIN/IBM/wmbt70/LABS/LAB12_Project2/ClientServer.bar<<BAR<<MB7_EG<<ExecutionGroup<<COMPLETE
Book_Store_MP.msgflow>>MB7BROKER>>MB7_EG>>0>>1400769708680
2871<<Administration Result<<2014-05-22 20:11:50.183 IST<<upender<<deploy<<C:/Users/IBM_ADMIN/IBM/wmbt70/LABS/GeneratedBarFiles/Book_Store_MFP/Book_Store_MP.msgflow.generated.... (data of len 103 truncated)<<BAR<<MB7_EG<<ExecutionGroup<<COMPLETE
BSTOREDBBAR.bar>>MB7BROKER>>MB7_EG>>2>>1401168698825
2087<<Runtime Response<<2014-05-27 11:01:44.626 IST<<MB7BROKER<<39f01db7-ed87-4b38-93ee-527da15c951f
4041<<Runtime Response<<2014-05-27 11:01:44.627 IST<<MB7_EG<<66f08b94-4501-0000-0080-f643aecdb392
4001<<Runtime Response<<2014-05-27 11:01:44.627 IST<<Book_Store_MP.Compute
2413<<Runtime Response<<2014-05-27 11:01:44.628 IST<<.Book_Store_MP_Compute.Main<<9.11<<20<<21<<Book_Store_MP.Compute
2871<<Administration Result<<2014-05-27 11:01:44.629 IST<<upender<<deploy<<C:/Users/IBM_ADMIN/IBM/wmbt70/LABS/Book_Store_MFP/BSTOREDBBAR.bar<<BAR<<MB7_EG<<ExecutionGroup<<FAILED
BSTOREDBBAR.bar>>MB7BROKER>>MB7_EG>>0>>1401169375658
2871<<Administration Result<<2014-05-27 11:12:59.748 IST<<upender<<deploy<<C:/Users/IBM_ADMIN/IBM/wmbt70/LABS/Book_Store_MFP/BSTOREDBBAR.bar<<BAR<<MB7_EG<<ExecutionGroup<<COMPLETE
BookOrderBar.bar>>MB7BROKER>>MB7_EG>>0>>1401174601588
2871<<Administration Result<<2014-05-27 12:40:02.479 IST<<upender<<deploy<<C:/Users/IBM_ADMIN/IBM/wmbt70/LABS/Book_Order_MFP/BookOrderBar.bar<<BAR<<MB7_EG<<ExecutionGroup<<COMPLETE
MappingBookStoreBar.bar>>MB7BROKER>>MB7_EG>>0>>1401176918240
2871<<Administration Result<<2014-05-27 13:18:39.124 IST<<upender<<deploy<<C:/Users/IBM_ADMIN/IBM/wmbt70/LABS/Mapping_Book_Store_MFP/MappingBookStoreBar.bar<<BAR<<MB7_EG<<ExecutionGroup<<COMPLETE
MappingBookStoreBar.bar>>MB7BROKER>>MB7_EG>>0>>1401177449106
2871<<Administration Result<<2014-05-27 13:27:31.691 IST<<upender<<deploy<<C:/Users/IBM_ADMIN/IBM/wmbt70/LABS/Mapping_Book_Store_MFP/MappingBookStoreBar.bar<<BAR<<MB7_EG<<ExecutionGroup<<COMPLETE
MappingBookStoreBar.bar>>MB7BROKER>>MB7_EG>>0>>1401177619817
2871<<Administration Result<<2014-05-27 13:30:25.683 IST<<upender<<deploy<<C:/Users/IBM_ADMIN/IBM/wmbt70/LABS/Mapping_Book_Store_MFP/MappingBookStoreBar.bar<<BAR<<MB7_EG<<ExecutionGroup<<COMPLETE
OrderMsgMappin_Bar.bar>>MB7BROKER>>MB7_EG>>0>>1401183019699
2871<<Administration Result<<2014-05-27 15:00:20.294 IST<<upender<<deploy<<C:/Users/IBM_ADMIN/IBM/wmbt70/LABS/Mapping_Order_MSG_MFP/OrderMsgMappin_Bar.bar<<BAR<<MB7_EG<<ExecutionGroup<<COMPLETE
OrderMsgMappin_Bar.bar>>MB7BROKER>>MB7_EG>>0>>1401183167407
2871<<Administration Result<<2014-05-27 15:02:50.347 IST<<upender<<deploy<<C:/Users/IBM_ADMIN/IBM/wmbt70/LABS/Mapping_Order_MSG_MFP/OrderMsgMappin_Bar.bar<<BAR<<MB7_EG<<ExecutionGroup<<COMPLETE
OrderMsgMappin_Bar.bar>>MB7BROKER>>MB7_EG>>0>>1401183689507
2871<<Administration Result<<2014-05-27 15:11:31.815 IST<<upender<<deploy<<C:/Users/IBM_ADMIN/IBM/wmbt70/LABS/Mapping_Order_MSG_MFP/OrderMsgMappin_Bar.bar<<BAR<<MB7_EG<<ExecutionGroup<<COMPLETE
OrderMsgMappin_Bar.bar>>MB7BROKER>>MB7_EG>>0>>1401183995222
2871<<Administration Result<<2014-05-27 15:16:36.335 IST<<upender<<deploy<<C:/Users/IBM_ADMIN/IBM/wmbt70/LABS/Mapping_Order_MSG_MFP/OrderMsgMappin_Bar.bar<<BAR<<MB7_EG<<ExecutionGroup<<COMPLETE
OrderMsgMappin_Bar.bar>>MB7BROKER>>MB7_EG>>0>>1401184120181
2871<<Administration Result<<2014-05-27 15:18:41.784 IST<<upender<<deploy<<C:/Users/IBM_ADMIN/IBM/wmbt70/LABS/Mapping_Order_MSG_MFP/OrderMsgMappin_Bar.bar<<BAR<<MB7_EG<<ExecutionGroup<<COMPLETE
MappingBookStoreBar.bar>>MB7BROKER>>MB7_EG>>0>>1401184647261
2871<<Administration Result<<2014-05-27 15:27:32.191 IST<<upender<<deploy<<C:/Users/IBM_ADMIN/IBM/wmbt70/LABS/Mapping_Book_Store_MFP/MappingBookStoreBar.bar<<BAR<<MB7_EG<<ExecutionGroup<<COMPLETE
MappingBookStoreBar.bar>>MB7BROKER>>MB7_EG>>0>>1401184761982
2871<<Administration Result<<2014-05-27 15:29:27.320 IST<<upender<<deploy<<C:/Users/IBM_ADMIN/IBM/wmbt70/LABS/Mapping_Book_Store_MFP/MappingBookStoreBar.bar<<BAR<<MB7_EG<<ExecutionGroup<<COMPLETE
MappingBookStoreBar.bar>>MB7BROKER>>MB7_EG>>0>>1401184819192
2871<<Administration Result<<2014-05-27 15:30:22.404 IST<<upender<<deploy<<C:/Users/IBM_ADMIN/IBM/wmbt70/LABS/Mapping_Book_Store_MFP/MappingBookStoreBar.bar<<BAR<<MB7_EG<<ExecutionGroup<<COMPLETE
MappingBookStoreBar.bar>>MB7BROKER>>MB7_EG>>0>>1401185004839
2871<<Administration Result<<2014-05-27 15:33:27.578 IST<<upender<<deploy<<C:/Users/IBM_ADMIN/IBM/wmbt70/LABS/Mapping_Book_Store_MFP/MappingBookStoreBar.bar<<BAR<<MB7_EG<<ExecutionGroup<<COMPLETE
OrderMsgMappin_Bar.bar>>MB7BROKER>>MB7_EG>>0>>1401185222406
2871<<Administration Result<<2014-05-27 15:37:03.291 IST<<upender<<deploy<<C:/Users/IBM_ADMIN/IBM/wmbt70/LABS/Mapping_Order_MSG_MFP/OrderMsgMappin_Bar.bar<<BAR<<MB7_EG<<ExecutionGroup<<COMPLETE
Reservation_Bar.bar>>MB7BROKER>>MB7_EG>>0>>1401214791755
2871<<Administration Result<<2014-05-27 23:49:55.766 IST<<upender<<deploy<<C:/Users/IBM_ADMIN/IBM/wmbt70/LABS/XML_RESERVATION_MFP/Reservation_Bar.bar<<BAR<<MB7_EG<<ExecutionGroup<<COMPLETE
Reservation_Bar.bar>>MB7BROKER>>MB7_EG>>0>>1401214894638
2871<<Administration Result<<2014-05-27 23:51:35.873 IST<<upender<<deploy<<C:/Users/IBM_ADMIN/IBM/wmbt70/LABS/XML_RESERVATION_MFP/Reservation_Bar.bar<<BAR<<MB7_EG<<ExecutionGroup<<COMPLETE
Reservation_Bar.bar>>MB7BROKER>>MB7_EG>>0>>1401215604572
2871<<Administration Result<<2014-05-28 00:03:29.326 IST<<upender<<deploy<<C:/Users/IBM_ADMIN/IBM/wmbt70/LABS/XML_RESERVATION_MFP/Reservation_Bar.bar<<BAR<<MB7_EG<<ExecutionGroup<<COMPLETE
Reservation_Bar.bar>>MB7BROKER>>MB7_EG>>0>>1401215737196
2871<<Administration Result<<2014-05-28 00:05:39.468 IST<<upender<<deploy<<C:/Users/IBM_ADMIN/IBM/wmbt70/LABS/XML_RESERVATION_MFP/Reservation_Bar.bar<<BAR<<MB7_EG<<ExecutionGroup<<COMPLETE
Reservation_Bar.bar>>MB7BROKER>>MB7_EG>>0>>1401216440258
2871<<Administration Result<<2014-05-28 00:17:25.634 IST<<upender<<deploy<<C:/Users/IBM_ADMIN/IBM/wmbt70/LABS/XML_RESERVATION_MFP/Reservation_Bar.bar<<BAR<<MB7_EG<<ExecutionGroup<<COMPLETE
Reservation_Bar.bar>>MB7BROKER>>MB7_EG>>0>>1401216952640
2871<<Administration Result<<2014-05-28 00:25:53.766 IST<<upender<<deploy<<C:/Users/IBM_ADMIN/IBM/wmbt70/LABS/XML_RESERVATION_MFP/Reservation_Bar.bar<<BAR<<MB7_EG<<ExecutionGroup<<COMPLETE
Reservation_Bar.bar>>MB7BROKER>>MB7_EG>>0>>1401217082091
2871<<Administration Result<<2014-05-28 00:28:03.526 IST<<upender<<deploy<<C:/Users/IBM_ADMIN/IBM/wmbt70/LABS/XML_RESERVATION_MFP/Reservation_Bar.bar<<BAR<<MB7_EG<<ExecutionGroup<<COMPLETE
Reservation_Bar.bar>>MB7BROKER>>MB7_EG>>0>>1401217528870
2871<<Administration Result<<2014-05-28 00:35:31.469 IST<<upender<<deploy<<C:/Users/IBM_ADMIN/IBM/wmbt70/LABS/XML_RESERVATION_MFP/Reservation_Bar.bar<<BAR<<MB7_EG<<ExecutionGroup<<COMPLETE
Reservation_Bar.bar>>MB7BROKER>>MB7_EG>>0>>1401217894585
2871<<Administration Result<<2014-05-28 00:41:39.779 IST<<upender<<deploy<<C:/Users/IBM_ADMIN/IBM/wmbt70/LABS/XML_RESERVATION_MFP/Reservation_Bar.bar<<BAR<<MB7_EG<<ExecutionGroup<<COMPLETE
PQueryBar.bar>>MB7BROKER>>MB7_EG>>0>>1401290035247
2871<<Administration Result<<2014-05-28 20:43:55.752 IST<<upender<<deploy<<C:/Users/IBM_ADMIN/IBM/wmbt70/LABS/XML_PassengerQuery_MFP/PQueryBar.bar<<BAR<<MB7_EG<<ExecutionGroup<<COMPLETE
PQueryBar.bar>>MB7BROKER>>MB7_EG>>0>>1401290231667
2871<<Administration Result<<2014-05-28 20:47:15.603 IST<<upender<<deploy<<C:/Users/IBM_ADMIN/IBM/wmbt70/LABS/XML_PassengerQuery_MFP/PQueryBar.bar<<BAR<<MB7_EG<<ExecutionGroup<<COMPLETE
PQueryBar.bar>>MB7BROKER>>MB7_EG>>0>>1401290432610
2871<<Administration Result<<2014-05-28 20:50:35.146 IST<<upender<<deploy<<C:/Users/IBM_ADMIN/IBM/wmbt70/LABS/XML_PassengerQuery_MFP/PQueryBar.bar<<BAR<<MB7_EG<<ExecutionGroup<<COMPLETE
PQueryBar.bar>>MB7BROKER>>MB7_EG>>0>>1401290609234
2871<<Administration Result<<2014-05-28 20:53:31.943 IST<<upender<<deploy<<C:/Users/IBM_ADMIN/IBM/wmbt70/LABS/XML_PassengerQuery_MFP/PQueryBar.bar<<BAR<<MB7_EG<<ExecutionGroup<<COMPLETE
PQueryBar.bar>>MB7BROKER>>MB7_EG>>0>>1401290695159
2871<<Administration Result<<2014-05-28 20:54:57.285 IST<<upender<<deploy<<C:/Users/IBM_ADMIN/IBM/wmbt70/LABS/XML_PassengerQuery_MFP/PQueryBar.bar<<BAR<<MB7_EG<<ExecutionGroup<<COMPLETE
PQueryBar.bar>>MB7BROKER>>MB7_EG>>0>>1401291039764
2871<<Administration Result<<2014-05-28 21:00:44.180 IST<<upender<<deploy<<C:/Users/IBM_ADMIN/IBM/wmbt70/LABS/XML_PassengerQuery_MFP/PQueryBar.bar<<BAR<<MB7_EG<<ExecutionGroup<<COMPLETE
FlightQueryBar.bar>>MB7BROKER>>MB7_EG>>0>>1401299822580
2871<<Administration Result<<2014-05-28 23:27:03.336 IST<<upender<<deploy<<C:/Users/IBM_ADMIN/IBM/wmbt70/LABS/XML_Flight_Query_MFP/FlightQueryBar.bar<<BAR<<MB7_EG<<ExecutionGroup<<COMPLETE
XML_Flight_Query_In_MF.msgflow>>MB7BROKER>>MB7_EG>>0>>1401301796000
2871<<Administration Result<<2014-05-29 00:00:02.583 IST<<upender<<deploy<<C:/Users/IBM_ADMIN/IBM/wmbt70/LABS/GeneratedBarFiles/XML_Flight_Query_MFP/XML_Flight_Query_In_MF.msg... (data of len 118 truncated)<<BAR<<MB7_EG<<ExecutionGroup<<COMPLETE
Debit_Credit_MF.msgflow>>MB7BROKER>>MB7_EG>>0>>1401345461595
2871<<Administration Result<<2014-05-29 12:07:43.065 IST<<upender<<deploy<<C:/Users/IBM_ADMIN/IBM/wmbt70/LABS/GeneratedBarFiles/Debit_Credit_MFP/Debit_Credit_MF.msgflow.genera... (data of len 107 truncated)<<BAR<<MB7_EG<<ExecutionGroup<<COMPLETE
Debit_Credit_MF.msgflow>>MB7BROKER>>MB7_EG>>0>>1401345554410
2871<<Administration Result<<2014-05-29 12:09:15.017 IST<<upender<<deploy<<C:/Users/IBM_ADMIN/IBM/wmbt70/LABS/GeneratedBarFiles/Debit_Credit_MFP/Debit_Credit_MF.msgflow.genera... (data of len 107 truncated)<<BAR<<MB7_EG<<ExecutionGroup<<COMPLETE
Debit_Credit_MF.msgflow>>MB7BROKER>>MB7_EG>>0>>1401346294025
2871<<Administration Result<<2014-05-29 12:21:37.718 IST<<upender<<deploy<<C:/Users/IBM_ADMIN/IBM/wmbt70/LABS/GeneratedBarFiles/Debit_Credit_MFP/Debit_Credit_MF.msgflow.genera... (data of len 107 truncated)<<BAR<<MB7_EG<<ExecutionGroup<<COMPLETE
Debit_Credit_MF.msgflow>>MB7BROKER>>MB7_EG>>0>>1401346514221
2871<<Administration Result<<2014-05-29 12:25:18.192 IST<<upender<<deploy<<C:/Users/IBM_ADMIN/IBM/wmbt70/LABS/GeneratedBarFiles/Debit_Credit_MFP/Debit_Credit_MF.msgflow.genera... (data of len 107 truncated)<<BAR<<MB7_EG<<ExecutionGroup<<COMPLETE
Debit_Credit_MF.msgflow>>MB7BROKER>>MB7_EG>>0>>1401346589501
2871<<Administration Result<<2014-05-29 12:26:34.676 IST<<upender<<deploy<<C:/Users/IBM_ADMIN/IBM/wmbt70/LABS/GeneratedBarFiles/Debit_Credit_MFP/Debit_Credit_MF.msgflow.genera... (data of len 107 truncated)<<BAR<<MB7_EG<<ExecutionGroup<<COMPLETE
Debit_Credit_MF.msgflow>>MB7BROKER>>MB7_EG>>0>>1401346650637
2871<<Administration Result<<2014-05-29 12:27:32.830 IST<<upender<<deploy<<C:/Users/IBM_ADMIN/IBM/wmbt70/LABS/GeneratedBarFiles/Debit_Credit_MFP/Debit_Credit_MF.msgflow.genera... (data of len 107 truncated)<<BAR<<MB7_EG<<ExecutionGroup<<COMPLETE
Debit_Credit_MF.msgflow>>MB7BROKER>>MB7_EG>>2>>1401350419718
2087<<Runtime Response<<2014-05-29 13:30:22.191 IST<<MB7BROKER<<39f01db7-ed87-4b38-93ee-527da15c951f
4041<<Runtime Response<<2014-05-29 13:30:22.192 IST<<MB7_EG<<66f08b94-4501-0000-0080-f643aecdb392
4001<<Runtime Response<<2014-05-29 13:30:22.192 IST<<Debit_Credit_MF.TransferLoanAmountFromSavings 
2432<<Runtime Response<<2014-05-29 13:30:22.192 IST<<.TransferLoanAmountFromSavings.PayFromSavings<<28.27<<loan_acc_no<<Environment, InputLocalEnvironment, OutputLocalEnvironment, InputRoot, InputBody, InputProperties, O... (data of len 281 truncated)<<Debit_Credit_MF.TransferLoanAmountFromSavings 
2871<<Administration Result<<2014-05-29 13:30:22.193 IST<<upender<<deploy<<C:/Users/IBM_ADMIN/IBM/wmbt70/LABS/GeneratedBarFiles/Debit_Credit_MFP/Debit_Credit_MF.msgflow.genera... (data of len 107 truncated)<<BAR<<MB7_EG<<ExecutionGroup<<FAILED
Debit_Credit_MF.msgflow>>MB7BROKER>>MB7_EG>>0>>1401350467788
2871<<Administration Result<<2014-05-29 13:31:12.167 IST<<upender<<deploy<<C:/Users/IBM_ADMIN/IBM/wmbt70/LABS/GeneratedBarFiles/Debit_Credit_MFP/Debit_Credit_MF.msgflow.genera... (data of len 107 truncated)<<BAR<<MB7_EG<<ExecutionGroup<<COMPLETE
Debit_Credit_MF.msgflow>>MB7BROKER>>MB7_EG>>0>>1401350595880
2871<<Administration Result<<2014-05-29 13:33:18.566 IST<<upender<<deploy<<C:/Users/IBM_ADMIN/IBM/wmbt70/LABS/GeneratedBarFiles/Debit_Credit_MFP/Debit_Credit_MF.msgflow.genera... (data of len 107 truncated)<<BAR<<MB7_EG<<ExecutionGroup<<COMPLETE
Debit_Credit_MF.msgflow>>MB7BROKER>>MB7_EG>>0>>1401350723501
2871<<Administration Result<<2014-05-29 13:35:26.558 IST<<upender<<deploy<<C:/Users/IBM_ADMIN/IBM/wmbt70/LABS/GeneratedBarFiles/Debit_Credit_MFP/Debit_Credit_MF.msgflow.genera... (data of len 107 truncated)<<BAR<<MB7_EG<<ExecutionGroup<<COMPLETE
Debit_Credit_MF.msgflow>>MB7BROKER>>MB7_EG>>0>>1401350817066
2871<<Administration Result<<2014-05-29 13:37:00.047 IST<<upender<<deploy<<C:/Users/IBM_ADMIN/IBM/wmbt70/LABS/GeneratedBarFiles/Debit_Credit_MFP/Debit_Credit_MF.msgflow.genera... (data of len 107 truncated)<<BAR<<MB7_EG<<ExecutionGroup<<COMPLETE
Debit_Credit_MF.msgflow>>MB7BROKER>>MB7_EG>>0>>1401350954550
2871<<Administration Result<<2014-05-29 13:39:16.812 IST<<upender<<deploy<<C:/Users/IBM_ADMIN/IBM/wmbt70/LABS/GeneratedBarFiles/Debit_Credit_MFP/Debit_Credit_MF.msgflow.genera... (data of len 107 truncated)<<BAR<<MB7_EG<<ExecutionGroup<<COMPLETE
Debit_Credit_MF.msgflow>>MB7BROKER>>MB7_EG>>0>>1401351217475
2871<<Administration Result<<2014-05-29 13:43:43.017 IST<<upender<<deploy<<C:/Users/IBM_ADMIN/IBM/wmbt70/LABS/GeneratedBarFiles/Debit_Credit_MFP/Debit_Credit_MF.msgflow.genera... (data of len 107 truncated)<<BAR<<MB7_EG<<ExecutionGroup<<COMPLETE
Debit_Credit_MF.msgflow>>MB7BROKER>>MB7_EG>>0>>1401351326913
2871<<Administration Result<<2014-05-29 13:45:27.452 IST<<upender<<deploy<<C:/Users/IBM_ADMIN/IBM/wmbt70/LABS/GeneratedBarFiles/Debit_Credit_MFP/Debit_Credit_MF.msgflow.genera... (data of len 107 truncated)<<BAR<<MB7_EG<<ExecutionGroup<<COMPLETE
Debit_Credit_MF.msgflow>>MB7BROKER>>MB7_EG>>0>>1401351333503
2871<<Administration Result<<2014-05-29 13:45:37.544 IST<<upender<<deploy<<C:/Users/IBM_ADMIN/IBM/wmbt70/LABS/GeneratedBarFiles/Debit_Credit_MFP/Debit_Credit_MF.msgflow.genera... (data of len 107 truncated)<<BAR<<MB7_EG<<ExecutionGroup<<COMPLETE
Debit_Credit_MF.msgflow>>MB7BROKER>>MB7_EG>>0>>1401351662772
2871<<Administration Result<<2014-05-29 13:51:03.705 IST<<upender<<deploy<<C:/Users/IBM_ADMIN/IBM/wmbt70/LABS/GeneratedBarFiles/Debit_Credit_MFP/Debit_Credit_MF.msgflow.genera... (data of len 107 truncated)<<BAR<<MB7_EG<<ExecutionGroup<<COMPLETE
Debit_Credit_MF.msgflow>>MB7BROKER>>MB7_EG>>0>>1401351871051
2871<<Administration Result<<2014-05-29 13:54:36.090 IST<<upender<<deploy<<C:/Users/IBM_ADMIN/IBM/wmbt70/LABS/GeneratedBarFiles/Debit_Credit_MFP/Debit_Credit_MF.msgflow.genera... (data of len 107 truncated)<<BAR<<MB7_EG<<ExecutionGroup<<COMPLETE
Debit_Credit_MF.msgflow>>MB7BROKER>>MB7_EG>>0>>1401352302950
2871<<Administration Result<<2014-05-29 14:01:45.538 IST<<upender<<deploy<<C:/Users/IBM_ADMIN/IBM/wmbt70/LABS/GeneratedBarFiles/Debit_Credit_MFP/Debit_Credit_MF.msgflow.genera... (data of len 107 truncated)<<BAR<<MB7_EG<<ExecutionGroup<<COMPLETE
Debit_Credit_MF.msgflow>>MB7BROKER>>MB7_EG>>0>>1401352372881
2871<<Administration Result<<2014-05-29 14:02:55.211 IST<<upender<<deploy<<C:/Users/IBM_ADMIN/IBM/wmbt70/LABS/GeneratedBarFiles/Debit_Credit_MFP/Debit_Credit_MF.msgflow.genera... (data of len 107 truncated)<<BAR<<MB7_EG<<ExecutionGroup<<COMPLETE
Debit_Credit_MF.msgflow>>MB7BROKER>>MB7_EG>>2>>1401359825709
2087<<Runtime Response<<2014-05-29 16:07:07.094 IST<<MB7BROKER<<39f01db7-ed87-4b38-93ee-527da15c951f
4041<<Runtime Response<<2014-05-29 16:07:07.095 IST<<MB7_EG<<66f08b94-4501-0000-0080-f643aecdb392
4001<<Runtime Response<<2014-05-29 16:07:07.095 IST<<Debit_Credit_MF.TransferLoanAmountFromSavings 
2401<<Runtime Response<<2014-05-29 16:07:07.095 IST<<.TransferLoanAmountFromSavings.Main<<81.3<<END<<keyword Else<<Debit_Credit_MF.TransferLoanAmountFromSavings 
2871<<Administration Result<<2014-05-29 16:07:07.096 IST<<db2admin<<deploy<<C:/Users/IBM_ADMIN/IBM/wmbt70/LABS/GeneratedBarFiles/Debit_Credit_MFP/Debit_Credit_MF.msgflow.genera... (data of len 107 truncated)<<BAR<<MB7_EG<<ExecutionGroup<<FAILED
Debit_Credit_MF.msgflow>>MB7BROKER>>MB7_EG>>2>>1401359895034
2087<<Runtime Response<<2014-05-29 16:08:17.186 IST<<MB7BROKER<<39f01db7-ed87-4b38-93ee-527da15c951f
4041<<Runtime Response<<2014-05-29 16:08:17.187 IST<<MB7_EG<<66f08b94-4501-0000-0080-f643aecdb392
4001<<Runtime Response<<2014-05-29 16:08:17.187 IST<<Debit_Credit_MF.TransferLoanAmountFromSavings 
2401<<Runtime Response<<2014-05-29 16:08:17.187 IST<<.TransferLoanAmountFromSavings.Main<<81.3<<END<<keyword Else<<Debit_Credit_MF.TransferLoanAmountFromSavings 
2871<<Administration Result<<2014-05-29 16:08:17.188 IST<<db2admin<<deploy<<C:/Users/IBM_ADMIN/IBM/wmbt70/LABS/GeneratedBarFiles/Debit_Credit_MFP/Debit_Credit_MF.msgflow.genera... (data of len 107 truncated)<<BAR<<MB7_EG<<ExecutionGroup<<FAILED
Debit_Credit_MF.msgflow>>MB7BROKER>>MB7_EG>>2>>1401359974329
2087<<Runtime Response<<2014-05-29 16:09:37.148 IST<<MB7BROKER<<39f01db7-ed87-4b38-93ee-527da15c951f
4041<<Runtime Response<<2014-05-29 16:09:37.149 IST<<MB7_EG<<66f08b94-4501-0000-0080-f643aecdb392
4001<<Runtime Response<<2014-05-29 16:09:37.149 IST<<Debit_Credit_MF.TransferLoanAmountFromSavings 
2401<<Runtime Response<<2014-05-29 16:09:37.149 IST<<.TransferLoanAmountFromSavings.Main<<81.3<<END<<keyword Else<<Debit_Credit_MF.TransferLoanAmountFromSavings 
2871<<Administration Result<<2014-05-29 16:09:37.150 IST<<db2admin<<deploy<<C:/Users/IBM_ADMIN/IBM/wmbt70/LABS/GeneratedBarFiles/Debit_Credit_MFP/Debit_Credit_MF.msgflow.genera... (data of len 107 truncated)<<BAR<<MB7_EG<<ExecutionGroup<<FAILED
Debit_Credit_MF.msgflow>>MB7BROKER>>MB7_EG>>0>>1401360067696
2871<<Administration Result<<2014-05-29 16:11:12.170 IST<<db2admin<<deploy<<C:/Users/IBM_ADMIN/IBM/wmbt70/LABS/GeneratedBarFiles/Debit_Credit_MFP/Debit_Credit_MF.msgflow.genera... (data of len 107 truncated)<<BAR<<MB7_EG<<ExecutionGroup<<COMPLETE
UPDATE_MASTER_DB_MF.msgflow>>MB7BROKER>>MB7_EG>>2>>1401372450641
2087<<Runtime Response<<2014-05-29 19:37:31.675 IST<<MB7BROKER<<39f01db7-ed87-4b38-93ee-527da15c951f
4041<<Runtime Response<<2014-05-29 19:37:31.675 IST<<MB7_EG<<66f08b94-4501-0000-0080-f643aecdb392
4001<<Runtime Response<<2014-05-29 19:37:31.675 IST<<UPDATE_MASTER_DB_MF.Compute
2496<<Runtime Response<<2014-05-29 19:37:31.676 IST<<.UPDATE_MASTER_DB_MF_Compute.Main<<4.7<<UPDATE_MASTER_DB_MF.Compute
2871<<Administration Result<<2014-05-29 19:37:31.676 IST<<upender<<deploy<<C:/Users/IBM_ADMIN/IBM/wmbt70/LABS/GeneratedBarFiles/UPDATE_MASTER_DB_MFP/UPDATE_MASTER_DB_MF.msgflo... (data of len 115 truncated)<<BAR<<MB7_EG<<ExecutionGroup<<FAILED
UPDATE_MASTER_DB_MF.msgflow>>MB7BROKER>>MB7_EG>>2>>1401372520912
2087<<Runtime Response<<2014-05-29 19:38:41.427 IST<<MB7BROKER<<39f01db7-ed87-4b38-93ee-527da15c951f
4041<<Runtime Response<<2014-05-29 19:38:41.428 IST<<MB7_EG<<66f08b94-4501-0000-0080-f643aecdb392
4001<<Runtime Response<<2014-05-29 19:38:41.428 IST<<UPDATE_MASTER_DB_MF.Compute
2496<<Runtime Response<<2014-05-29 19:38:41.428 IST<<.UPDATE_MASTER_DB_MF_Compute.Main<<4.7<<UPDATE_MASTER_DB_MF.Compute
2871<<Administration Result<<2014-05-29 19:38:41.428 IST<<upender<<deploy<<C:/Users/IBM_ADMIN/IBM/wmbt70/LABS/GeneratedBarFiles/UPDATE_MASTER_DB_MFP/UPDATE_MASTER_DB_MF.msgflo... (data of len 115 truncated)<<BAR<<MB7_EG<<ExecutionGroup<<FAILED
UPDATE_MASTER_DB_MF.msgflow>>MB7BROKER>>MB7_EG>>0>>1401372603007
2871<<Administration Result<<2014-05-29 19:40:03.412 IST<<upender<<deploy<<C:/Users/IBM_ADMIN/IBM/wmbt70/LABS/GeneratedBarFiles/UPDATE_MASTER_DB_MFP/UPDATE_MASTER_DB_MF.msgflo... (data of len 115 truncated)<<BAR<<MB7_EG<<ExecutionGroup<<COMPLETE
UPDATE_MASTER_DB_MF.msgflow>>MB7BROKER>>MB7_EG>>2>>1401372689547
2087<<Runtime Response<<2014-05-29 19:41:33.478 IST<<MB7BROKER<<39f01db7-ed87-4b38-93ee-527da15c951f
4041<<Runtime Response<<2014-05-29 19:41:33.479 IST<<MB7_EG<<66f08b94-4501-0000-0080-f643aecdb392
4001<<Runtime Response<<2014-05-29 19:41:33.480 IST<<UPDATE_MASTER_DB_MF.Compute
2496<<Runtime Response<<2014-05-29 19:41:33.480 IST<<.UPDATE_MASTER_DB_MF_Compute.Main<<4.7<<UPDATE_MASTER_DB_MF.Compute
2871<<Administration Result<<2014-05-29 19:41:33.481 IST<<upender<<deploy<<C:/Users/IBM_ADMIN/IBM/wmbt70/LABS/GeneratedBarFiles/UPDATE_MASTER_DB_MFP/UPDATE_MASTER_DB_MF.msgflo... (data of len 115 truncated)<<BAR<<MB7_EG<<ExecutionGroup<<FAILED
UPDATE_MASTER_DB_MF.msgflow>>MB7BROKER>>MB7_EG>>2>>1401372720036
2087<<Runtime Response<<2014-05-29 19:42:03.564 IST<<MB7BROKER<<39f01db7-ed87-4b38-93ee-527da15c951f
4041<<Runtime Response<<2014-05-29 19:42:03.565 IST<<MB7_EG<<66f08b94-4501-0000-0080-f643aecdb392
4001<<Runtime Response<<2014-05-29 19:42:03.565 IST<<UPDATE_MASTER_DB_MF.Compute
2496<<Runtime Response<<2014-05-29 19:42:03.565 IST<<.UPDATE_MASTER_DB_MF_Compute.Main<<4.7<<UPDATE_MASTER_DB_MF.Compute
2871<<Administration Result<<2014-05-29 19:42:03.566 IST<<upender<<deploy<<C:/Users/IBM_ADMIN/IBM/wmbt70/LABS/GeneratedBarFiles/UPDATE_MASTER_DB_MFP/UPDATE_MASTER_DB_MF.msgflo... (data of len 115 truncated)<<BAR<<MB7_EG<<ExecutionGroup<<FAILED
UPDATE_MASTER_DB_MF.msgflow>>MB7BROKER>>MB7_EG>>2>>1401372814193
2087<<Runtime Response<<2014-05-29 19:43:38.496 IST<<MB7BROKER<<39f01db7-ed87-4b38-93ee-527da15c951f
4041<<Runtime Response<<2014-05-29 19:43:38.498 IST<<MB7_EG<<66f08b94-4501-0000-0080-f643aecdb392
4001<<Runtime Response<<2014-05-29 19:43:38.498 IST<<UPDATE_MASTER_DB_MF.Compute
2496<<Runtime Response<<2014-05-29 19:43:38.498 IST<<.UPDATE_MASTER_DB_MF_Compute.Main<<4.7<<UPDATE_MASTER_DB_MF.Compute
2871<<Administration Result<<2014-05-29 19:43:38.498 IST<<upender<<deploy<<C:/Users/IBM_ADMIN/IBM/wmbt70/LABS/GeneratedBarFiles/UPDATE_MASTER_DB_MFP/UPDATE_MASTER_DB_MF.msgflo... (data of len 115 truncated)<<BAR<<MB7_EG<<ExecutionGroup<<FAILED
UPDATE_MASTER_DB_MF.msgflow>>MB7BROKER>>MB7_EG>>2>>1401372887134
2087<<Runtime Response<<2014-05-29 19:44:48.540 IST<<MB7BROKER<<39f01db7-ed87-4b38-93ee-527da15c951f
4041<<Runtime Response<<2014-05-29 19:44:48.540 IST<<MB7_EG<<66f08b94-4501-0000-0080-f643aecdb392
4001<<Runtime Response<<2014-05-29 19:44:48.540 IST<<UPDATE_MASTER_DB_MF.Compute
2496<<Runtime Response<<2014-05-29 19:44:48.540 IST<<.UPDATE_MASTER_DB_MF_Compute.Main<<4.7<<UPDATE_MASTER_DB_MF.Compute
2871<<Administration Result<<2014-05-29 19:44:48.540 IST<<upender<<deploy<<C:/Users/IBM_ADMIN/IBM/wmbt70/LABS/GeneratedBarFiles/UPDATE_MASTER_DB_MFP/UPDATE_MASTER_DB_MF.msgflo... (data of len 115 truncated)<<BAR<<MB7_EG<<ExecutionGroup<<FAILED
UPDATE_MASTER_DB_MF.msgflow>>MB7BROKER>>MB7_EG>>0>>1401372904508
2871<<Administration Result<<2014-05-29 19:45:08.559 IST<<upender<<deploy<<C:/Users/IBM_ADMIN/IBM/wmbt70/LABS/GeneratedBarFiles/UPDATE_MASTER_DB_MFP/UPDATE_MASTER_DB_MF.msgflo... (data of len 115 truncated)<<BAR<<MB7_EG<<ExecutionGroup<<COMPLETE
UPDATE_MASTER_DB_MF.msgflow>>MB7BROKER>>MB7_EG>>0>>1401373205369
2871<<Administration Result<<2014-05-29 19:50:05.923 IST<<upender<<deploy<<C:/Users/IBM_ADMIN/IBM/wmbt70/LABS/GeneratedBarFiles/UPDATE_MASTER_DB_MFP/UPDATE_MASTER_DB_MF.msgflo... (data of len 115 truncated)<<BAR<<MB7_EG<<ExecutionGroup<<COMPLETE
UPDATE_MASTER_DB_MF.msgflow>>MB7BROKER>>MB7_EG>>0>>1401373395225
2871<<Administration Result<<2014-05-29 19:53:18.215 IST<<upender<<deploy<<C:/Users/IBM_ADMIN/IBM/wmbt70/LABS/GeneratedBarFiles/UPDATE_MASTER_DB_MFP/UPDATE_MASTER_DB_MF.msgflo... (data of len 115 truncated)<<BAR<<MB7_EG<<ExecutionGroup<<COMPLETE
UPDATE_MASTER_DB_MF.msgflow>>MB7BROKER>>MB7_EG>>2>>1401373484488
2087<<Runtime Response<<2014-05-29 19:54:47.420 IST<<MB7BROKER<<39f01db7-ed87-4b38-93ee-527da15c951f
4041<<Runtime Response<<2014-05-29 19:54:47.420 IST<<MB7_EG<<66f08b94-4501-0000-0080-f643aecdb392
4001<<Runtime Response<<2014-05-29 19:54:47.421 IST<<UPDATE_MASTER_DB_MF.Compute
2496<<Runtime Response<<2014-05-29 19:54:47.421 IST<<.UPDATE_MASTER_DB_MF_Compute.Main<<6.7<<UPDATE_MASTER_DB_MF.Compute
2871<<Administration Result<<2014-05-29 19:54:47.421 IST<<upender<<deploy<<C:/Users/IBM_ADMIN/IBM/wmbt70/LABS/GeneratedBarFiles/UPDATE_MASTER_DB_MFP/UPDATE_MASTER_DB_MF.msgflo... (data of len 115 truncated)<<BAR<<MB7_EG<<ExecutionGroup<<FAILED
UPDATE_MASTER_DB_MF.msgflow>>MB7BROKER>>MB7_EG>>0>>1401373505580
2871<<Administration Result<<2014-05-29 19:55:07.384 IST<<upender<<deploy<<C:/Users/IBM_ADMIN/IBM/wmbt70/LABS/GeneratedBarFiles/UPDATE_MASTER_DB_MFP/UPDATE_MASTER_DB_MF.msgflo... (data of len 115 truncated)<<BAR<<MB7_EG<<ExecutionGroup<<COMPLETE
UPDATE_MASTER_DB_MF.msgflow>>MB7BROKER>>MB7_EG>>0>>1401373884494
2871<<Administration Result<<2014-05-29 20:01:24.838 IST<<upender<<deploy<<C:/Users/IBM_ADMIN/IBM/wmbt70/LABS/GeneratedBarFiles/UPDATE_MASTER_DB_MFP/UPDATE_MASTER_DB_MF.msgflo... (data of len 115 truncated)<<BAR<<MB7_EG<<ExecutionGroup<<COMPLETE
UPDATE_MASTER_DB_MF.msgflow>>MB7BROKER>>MB7_EG>>0>>1401374256496
2871<<Administration Result<<2014-05-29 20:07:41.667 IST<<upender<<deploy<<C:/Users/IBM_ADMIN/IBM/wmbt70/LABS/GeneratedBarFiles/UPDATE_MASTER_DB_MFP/UPDATE_MASTER_DB_MF.msgflo... (data of len 115 truncated)<<BAR<<MB7_EG<<ExecutionGroup<<COMPLETE
UPDATE_MASTER_DB_MF.msgflow>>MB7BROKER>>MB7_EG>>2>>1401374362924
2087<<Runtime Response<<2014-05-29 20:09:27.560 IST<<MB7BROKER<<39f01db7-ed87-4b38-93ee-527da15c951f
4041<<Runtime Response<<2014-05-29 20:09:27.561 IST<<MB7_EG<<66f08b94-4501-0000-0080-f643aecdb392
4001<<Runtime Response<<2014-05-29 20:09:27.562 IST<<UPDATE_MASTER_DB_MF.Compute
2496<<Runtime Response<<2014-05-29 20:09:27.562 IST<<.UPDATE_MASTER_DB_MF_Compute.Main<<5.7<<UPDATE_MASTER_DB_MF.Compute
2871<<Administration Result<<2014-05-29 20:09:27.563 IST<<upender<<deploy<<C:/Users/IBM_ADMIN/IBM/wmbt70/LABS/GeneratedBarFiles/UPDATE_MASTER_DB_MFP/UPDATE_MASTER_DB_MF.msgflo... (data of len 115 truncated)<<BAR<<MB7_EG<<ExecutionGroup<<FAILED
UPDATE_MASTER_DB_MF.msgflow>>MB7BROKER>>MB7_EG>>2>>1401374388515
2087<<Runtime Response<<2014-05-29 20:09:52.512 IST<<MB7BROKER<<39f01db7-ed87-4b38-93ee-527da15c951f
4041<<Runtime Response<<2014-05-29 20:09:52.512 IST<<MB7_EG<<66f08b94-4501-0000-0080-f643aecdb392
4001<<Runtime Response<<2014-05-29 20:09:52.513 IST<<UPDATE_MASTER_DB_MF.Compute
2406<<Runtime Response<<2014-05-29 20:09:52.513 IST<<.UPDATE_MASTER_DB_MF_Compute.Main<<6.42<<UPDATE_MASTER_DB_MF.Compute
2871<<Administration Result<<2014-05-29 20:09:52.513 IST<<upender<<deploy<<C:/Users/IBM_ADMIN/IBM/wmbt70/LABS/GeneratedBarFiles/UPDATE_MASTER_DB_MFP/UPDATE_MASTER_DB_MF.msgflo... (data of len 115 truncated)<<BAR<<MB7_EG<<ExecutionGroup<<FAILED
UPDATE_MASTER_DB_MF.msgflow>>MB7BROKER>>MB7_EG>>0>>1401374459446
2871<<Administration Result<<2014-05-29 20:11:02.568 IST<<upender<<deploy<<C:/Users/IBM_ADMIN/IBM/wmbt70/LABS/GeneratedBarFiles/UPDATE_MASTER_DB_MFP/UPDATE_MASTER_DB_MF.msgflo... (data of len 115 truncated)<<BAR<<MB7_EG<<ExecutionGroup<<COMPLETE
UPDATE_MASTER_DB_MF.msgflow>>MB7BROKER>>MB7_EG>>2>>1401374495990
2087<<Runtime Response<<2014-05-29 20:11:41.099 IST<<MB7BROKER<<39f01db7-ed87-4b38-93ee-527da15c951f
4041<<Runtime Response<<2014-05-29 20:11:41.099 IST<<MB7_EG<<66f08b94-4501-0000-0080-f643aecdb392
4001<<Runtime Response<<2014-05-29 20:11:41.100 IST<<UPDATE_MASTER_DB_MF.Compute
2496<<Runtime Response<<2014-05-29 20:11:41.100 IST<<.UPDATE_MASTER_DB_MF_Compute.Main<<6.7<<UPDATE_MASTER_DB_MF.Compute
2871<<Administration Result<<2014-05-29 20:11:41.101 IST<<upender<<deploy<<C:/Users/IBM_ADMIN/IBM/wmbt70/LABS/GeneratedBarFiles/UPDATE_MASTER_DB_MFP/UPDATE_MASTER_DB_MF.msgflo... (data of len 115 truncated)<<BAR<<MB7_EG<<ExecutionGroup<<FAILED
UPDATE_MASTER_DB_MF.msgflow>>MB7BROKER>>MB7_EG>>0>>1401374523956
2871<<Administration Result<<2014-05-29 20:12:06.048 IST<<upender<<deploy<<C:/Users/IBM_ADMIN/IBM/wmbt70/LABS/GeneratedBarFiles/UPDATE_MASTER_DB_MFP/UPDATE_MASTER_DB_MF.msgflo... (data of len 115 truncated)<<BAR<<MB7_EG<<ExecutionGroup<<COMPLETE
UPDATE_MASTER_DB_MF.msgflow>>MB7BROKER>>MB7_EG>>0>>1401374593611
2871<<Administration Result<<2014-05-29 20:13:14.957 IST<<upender<<deploy<<C:/Users/IBM_ADMIN/IBM/wmbt70/LABS/GeneratedBarFiles/UPDATE_MASTER_DB_MFP/UPDATE_MASTER_DB_MF.msgflo... (data of len 115 truncated)<<BAR<<MB7_EG<<ExecutionGroup<<COMPLETE
UPDATE_MASTER_DB_MF.msgflow>>MB7BROKER>>MB7_EG>>0>>1401374639619
2871<<Administration Result<<2014-05-29 20:14:04.858 IST<<upender<<deploy<<C:/Users/IBM_ADMIN/IBM/wmbt70/LABS/GeneratedBarFiles/UPDATE_MASTER_DB_MFP/UPDATE_MASTER_DB_MF.msgflo... (data of len 115 truncated)<<BAR<<MB7_EG<<ExecutionGroup<<COMPLETE
UPDATE_MASTER_DB_MF.msgflow>>MB7BROKER>>MB7_EG>>0>>1401377470938
2871<<Administration Result<<2014-05-29 21:01:11.785 IST<<upender<<deploy<<C:/Users/IBM_ADMIN/IBM/wmbt70/LABS/GeneratedBarFiles/UPDATE_MASTER_DB_MFP/UPDATE_MASTER_DB_MF.msgflo... (data of len 115 truncated)<<BAR<<MB7_EG<<ExecutionGroup<<COMPLETE
UPDATE_MASTER_DB_MF.msgflow>>MB7BROKER>>MB7_EG>>2>>1401378153581
2087<<Runtime Response<<2014-05-29 21:12:36.778 IST<<MB7BROKER<<39f01db7-ed87-4b38-93ee-527da15c951f
4041<<Runtime Response<<2014-05-29 21:12:36.779 IST<<MB7_EG<<66f08b94-4501-0000-0080-f643aecdb392
4001<<Runtime Response<<2014-05-29 21:12:36.779 IST<<UPDATE_MASTER_DB_MF.Compute
2401<<Runtime Response<<2014-05-29 21:12:36.779 IST<<.UPDATE_MASTER_DB_MF_Compute.Main<<35.55<<=<<.<<UPDATE_MASTER_DB_MF.Compute
2871<<Administration Result<<2014-05-29 21:12:36.780 IST<<upender<<deploy<<C:/Users/IBM_ADMIN/IBM/wmbt70/LABS/GeneratedBarFiles/UPDATE_MASTER_DB_MFP/UPDATE_MASTER_DB_MF.msgflo... (data of len 115 truncated)<<BAR<<MB7_EG<<ExecutionGroup<<FAILED
UPDATE_MASTER_DB_MF.msgflow>>MB7BROKER>>MB7_EG>>2>>1401378446063
2087<<Runtime Response<<2014-05-29 21:17:26.916 IST<<MB7BROKER<<39f01db7-ed87-4b38-93ee-527da15c951f
4041<<Runtime Response<<2014-05-29 21:17:26.917 IST<<MB7_EG<<66f08b94-4501-0000-0080-f643aecdb392
4001<<Runtime Response<<2014-05-29 21:17:26.917 IST<<UPDATE_MASTER_DB_MF.Compute
2401<<Runtime Response<<2014-05-29 21:17:26.918 IST<<.UPDATE_MASTER_DB_MF_Compute.Main<<35.55<<=<<.<<UPDATE_MASTER_DB_MF.Compute
2871<<Administration Result<<2014-05-29 21:17:26.918 IST<<upender<<deploy<<C:/Users/IBM_ADMIN/IBM/wmbt70/LABS/GeneratedBarFiles/UPDATE_MASTER_DB_MFP/UPDATE_MASTER_DB_MF.msgflo... (data of len 115 truncated)<<BAR<<MB7_EG<<ExecutionGroup<<FAILED
UPDATE_MASTER_DB_MF.msgflow>>MB7BROKER>>MB7_EG>>2>>1401378553519
2087<<Runtime Response<<2014-05-29 21:19:16.962 IST<<MB7BROKER<<39f01db7-ed87-4b38-93ee-527da15c951f
4041<<Runtime Response<<2014-05-29 21:19:16.962 IST<<MB7_EG<<66f08b94-4501-0000-0080-f643aecdb392
4001<<Runtime Response<<2014-05-29 21:19:16.962 IST<<UPDATE_MASTER_DB_MF.Compute
2401<<Runtime Response<<2014-05-29 21:19:16.963 IST<<.UPDATE_MASTER_DB_MF_Compute.Main<<35.55<<=<<.<<UPDATE_MASTER_DB_MF.Compute
2871<<Administration Result<<2014-05-29 21:19:16.963 IST<<upender<<deploy<<C:/Users/IBM_ADMIN/IBM/wmbt70/LABS/GeneratedBarFiles/UPDATE_MASTER_DB_MFP/UPDATE_MASTER_DB_MF.msgflo... (data of len 115 truncated)<<BAR<<MB7_EG<<ExecutionGroup<<FAILED
UPDATE_MASTER_DB_MF.msgflow>>MB7BROKER>>MB7_EG>>0>>1401378609239
2871<<Administration Result<<2014-05-29 21:20:12.042 IST<<upender<<deploy<<C:/Users/IBM_ADMIN/IBM/wmbt70/LABS/GeneratedBarFiles/UPDATE_MASTER_DB_MFP/UPDATE_MASTER_DB_MF.msgflo... (data of len 115 truncated)<<BAR<<MB7_EG<<ExecutionGroup<<COMPLETE
UPDATE_MASTER_DB_MF.msgflow>>MB7BROKER>>MB7_EG>>2>>1401378723016
2087<<Runtime Response<<2014-05-29 21:22:07.032 IST<<MB7BROKER<<39f01db7-ed87-4b38-93ee-527da15c951f
4041<<Runtime Response<<2014-05-29 21:22:07.033 IST<<MB7_EG<<66f08b94-4501-0000-0080-f643aecdb392
4001<<Runtime Response<<2014-05-29 21:22:07.033 IST<<UPDATE_MASTER_DB_MF.Compute
2401<<Runtime Response<<2014-05-29 21:22:07.034 IST<<.UPDATE_MASTER_DB_MF_Compute.Main<<35.55<<=<<.<<UPDATE_MASTER_DB_MF.Compute
2871<<Administration Result<<2014-05-29 21:22:07.034 IST<<upender<<deploy<<C:/Users/IBM_ADMIN/IBM/wmbt70/LABS/GeneratedBarFiles/UPDATE_MASTER_DB_MFP/UPDATE_MASTER_DB_MF.msgflo... (data of len 115 truncated)<<BAR<<MB7_EG<<ExecutionGroup<<FAILED
UPDATE_MASTER_DB_MF.msgflow>>MB7BROKER>>MB7_EG>>2>>1401378818784
2087<<Runtime Response<<2014-05-29 21:23:42.200 IST<<MB7BROKER<<39f01db7-ed87-4b38-93ee-527da15c951f
4041<<Runtime Response<<2014-05-29 21:23:42.201 IST<<MB7_EG<<66f08b94-4501-0000-0080-f643aecdb392
4001<<Runtime Response<<2014-05-29 21:23:42.201 IST<<UPDATE_MASTER_DB_MF.Compute
2401<<Runtime Response<<2014-05-29 21:23:42.202 IST<<.UPDATE_MASTER_DB_MF_Compute.Main<<35.55<<=<<.<<UPDATE_MASTER_DB_MF.Compute
2871<<Administration Result<<2014-05-29 21:23:42.202 IST<<upender<<deploy<<C:/Users/IBM_ADMIN/IBM/wmbt70/LABS/GeneratedBarFiles/UPDATE_MASTER_DB_MFP/UPDATE_MASTER_DB_MF.msgflo... (data of len 115 truncated)<<BAR<<MB7_EG<<ExecutionGroup<<FAILED
UPDATE_MASTER_DB_MF.msgflow>>MB7BROKER>>MB7_EG>>0>>1401378888272
2871<<Administration Result<<2014-05-29 21:24:52.113 IST<<upender<<deploy<<C:/Users/IBM_ADMIN/IBM/wmbt70/LABS/GeneratedBarFiles/UPDATE_MASTER_DB_MFP/UPDATE_MASTER_DB_MF.msgflo... (data of len 115 truncated)<<BAR<<MB7_EG<<ExecutionGroup<<COMPLETE
UPDATE_MASTER_DB_MF.msgflow>>MB7BROKER>>MB7_EG>>0>>1401379008587
2871<<Administration Result<<2014-05-29 21:26:50.548 IST<<upender<<deploy<<C:/Users/IBM_ADMIN/IBM/wmbt70/LABS/GeneratedBarFiles/UPDATE_MASTER_DB_MFP/UPDATE_MASTER_DB_MF.msgflo... (data of len 115 truncated)<<BAR<<MB7_EG<<ExecutionGroup<<COMPLETE
UPDATE_MASTER_DB_MF.msgflow>>MB7BROKER>>MB7_EG>>2>>1401379083534
2087<<Runtime Response<<2014-05-29 21:28:06.625 IST<<MB7BROKER<<39f01db7-ed87-4b38-93ee-527da15c951f
4041<<Runtime Response<<2014-05-29 21:28:06.626 IST<<MB7_EG<<66f08b94-4501-0000-0080-f643aecdb392
4001<<Runtime Response<<2014-05-29 21:28:06.626 IST<<UPDATE_MASTER_DB_MF.Compute
2401<<Runtime Response<<2014-05-29 21:28:06.626 IST<<.UPDATE_MASTER_DB_MF_Compute.Main<<35.55<<=<<.<<UPDATE_MASTER_DB_MF.Compute
2871<<Administration Result<<2014-05-29 21:28:06.627 IST<<upender<<deploy<<C:/Users/IBM_ADMIN/IBM/wmbt70/LABS/GeneratedBarFiles/UPDATE_MASTER_DB_MFP/UPDATE_MASTER_DB_MF.msgflo... (data of len 115 truncated)<<BAR<<MB7_EG<<ExecutionGroup<<FAILED
UPDATE_MASTER_DB_MF.msgflow>>MB7BROKER>>MB7_EG>>2>>1401379121846
2087<<Runtime Response<<2014-05-29 21:28:46.642 IST<<MB7BROKER<<39f01db7-ed87-4b38-93ee-527da15c951f
4041<<Runtime Response<<2014-05-29 21:28:46.642 IST<<MB7_EG<<66f08b94-4501-0000-0080-f643aecdb392
4001<<Runtime Response<<2014-05-29 21:28:46.643 IST<<UPDATE_MASTER_DB_MF.Compute
2401<<Runtime Response<<2014-05-29 21:28:46.643 IST<<.UPDATE_MASTER_DB_MF_Compute.Main<<35.55<<=<<.<<UPDATE_MASTER_DB_MF.Compute
2871<<Administration Result<<2014-05-29 21:28:46.644 IST<<upender<<deploy<<C:/Users/IBM_ADMIN/IBM/wmbt70/LABS/GeneratedBarFiles/UPDATE_MASTER_DB_MFP/UPDATE_MASTER_DB_MF.msgflo... (data of len 115 truncated)<<BAR<<MB7_EG<<ExecutionGroup<<FAILED
UPDATE_MASTER_DB_MF.msgflow>>MB7BROKER>>MB7_EG>>2>>1401379210751
2087<<Runtime Response<<2014-05-29 21:30:11.746 IST<<MB7BROKER<<39f01db7-ed87-4b38-93ee-527da15c951f
4041<<Runtime Response<<2014-05-29 21:30:11.747 IST<<MB7_EG<<66f08b94-4501-0000-0080-f643aecdb392
4001<<Runtime Response<<2014-05-29 21:30:11.747 IST<<UPDATE_MASTER_DB_MF.Compute
2401<<Runtime Response<<2014-05-29 21:30:11.747 IST<<.UPDATE_MASTER_DB_MF_Compute.Main<<35.55<<=<<.<<UPDATE_MASTER_DB_MF.Compute
2871<<Administration Result<<2014-05-29 21:30:11.747 IST<<upender<<deploy<<C:/Users/IBM_ADMIN/IBM/wmbt70/LABS/GeneratedBarFiles/UPDATE_MASTER_DB_MFP/UPDATE_MASTER_DB_MF.msgflo... (data of len 115 truncated)<<BAR<<MB7_EG<<ExecutionGroup<<FAILED
UPDATE_MASTER_DB_MF.msgflow>>MB7BROKER>>MB7_EG>>0>>1401379226823
2871<<Administration Result<<2014-05-29 21:30:31.802 IST<<upender<<deploy<<C:/Users/IBM_ADMIN/IBM/wmbt70/LABS/GeneratedBarFiles/UPDATE_MASTER_DB_MFP/UPDATE_MASTER_DB_MF.msgflo... (data of len 115 truncated)<<BAR<<MB7_EG<<ExecutionGroup<<COMPLETE
UPDATE_MASTER_DB_MF.msgflow>>MB7BROKER>>MB7_EG>>2>>1401379274487
2087<<Runtime Response<<2014-05-29 21:31:16.816 IST<<MB7BROKER<<39f01db7-ed87-4b38-93ee-527da15c951f
4041<<Runtime Response<<2014-05-29 21:31:16.817 IST<<MB7_EG<<66f08b94-4501-0000-0080-f643aecdb392
4001<<Runtime Response<<2014-05-29 21:31:16.817 IST<<UPDATE_MASTER_DB_MF.Compute
2401<<Runtime Response<<2014-05-29 21:31:16.817 IST<<.UPDATE_MASTER_DB_MF_Compute.Main<<35.55<<=<<.<<UPDATE_MASTER_DB_MF.Compute
2871<<Administration Result<<2014-05-29 21:31:16.818 IST<<upender<<deploy<<C:/Users/IBM_ADMIN/IBM/wmbt70/LABS/GeneratedBarFiles/UPDATE_MASTER_DB_MFP/UPDATE_MASTER_DB_MF.msgflo... (data of len 115 truncated)<<BAR<<MB7_EG<<ExecutionGroup<<FAILED
UPDATE_MASTER_DB_MF.msgflow>>MB7BROKER>>MB7_EG>>2>>1401379358915
2087<<Runtime Response<<2014-05-29 21:32:41.894 IST<<MB7BROKER<<39f01db7-ed87-4b38-93ee-527da15c951f
4041<<Runtime Response<<2014-05-29 21:32:41.895 IST<<MB7_EG<<66f08b94-4501-0000-0080-f643aecdb392
4001<<Runtime Response<<2014-05-29 21:32:41.895 IST<<UPDATE_MASTER_DB_MF.Compute
2401<<Runtime Response<<2014-05-29 21:32:41.896 IST<<.UPDATE_MASTER_DB_MF_Compute.Main<<35.8<<=<<.<<UPDATE_MASTER_DB_MF.Compute
2871<<Administration Result<<2014-05-29 21:32:41.896 IST<<upender<<deploy<<C:/Users/IBM_ADMIN/IBM/wmbt70/LABS/GeneratedBarFiles/UPDATE_MASTER_DB_MFP/UPDATE_MASTER_DB_MF.msgflo... (data of len 115 truncated)<<BAR<<MB7_EG<<ExecutionGroup<<FAILED
UPDATE_MASTER_DB_MF.msgflow>>MB7BROKER>>MB7_EG>>0>>1401379448799
2871<<Administration Result<<2014-05-29 21:34:11.924 IST<<upender<<deploy<<C:/Users/IBM_ADMIN/IBM/wmbt70/LABS/GeneratedBarFiles/UPDATE_MASTER_DB_MFP/UPDATE_MASTER_DB_MF.msgflo... (data of len 115 truncated)<<BAR<<MB7_EG<<ExecutionGroup<<COMPLETE
UPDATE_MASTER_DB_MF.msgflow>>MB7BROKER>>MB7_EG>>0>>1401380555825
2871<<Administration Result<<2014-05-29 21:52:37.380 IST<<upender<<deploy<<C:/Users/IBM_ADMIN/IBM/wmbt70/LABS/GeneratedBarFiles/UPDATE_MASTER_DB_MFP/UPDATE_MASTER_DB_MF.msgflo... (data of len 115 truncated)<<BAR<<MB7_EG<<ExecutionGroup<<COMPLETE
UPDATE_MASTER_DB_MF.msgflow>>MB7BROKER>>MB7_EG>>0>>1401381837790
2871<<Administration Result<<2014-05-29 22:14:00.011 IST<<upender<<deploy<<C:/Users/IBM_ADMIN/IBM/wmbt70/LABS/GeneratedBarFiles/UPDATE_MASTER_DB_MFP/UPDATE_MASTER_DB_MF.msgflo... (data of len 115 truncated)<<BAR<<MB7_EG<<ExecutionGroup<<COMPLETE
UPDATE_MASTER_DB_MF.msgflow>>MB7BROKER>>MB7_EG>>0>>1401381953508
2871<<Administration Result<<2014-05-29 22:15:54.838 IST<<upender<<deploy<<C:/Users/IBM_ADMIN/IBM/wmbt70/LABS/GeneratedBarFiles/UPDATE_MASTER_DB_MFP/UPDATE_MASTER_DB_MF.msgflo... (data of len 115 truncated)<<BAR<<MB7_EG<<ExecutionGroup<<COMPLETE
UPDATE_MASTER_DB_MF.msgflow>>MB7BROKER>>MB7_EG>>0>>1401381960486
2871<<Administration Result<<2014-05-29 22:16:04.915 IST<<upender<<deploy<<C:/Users/IBM_ADMIN/IBM/wmbt70/LABS/GeneratedBarFiles/UPDATE_MASTER_DB_MFP/UPDATE_MASTER_DB_MF.msgflo... (data of len 115 truncated)<<BAR<<MB7_EG<<ExecutionGroup<<COMPLETE
UPDATE_MASTER_DB_MF.msgflow>>MB7BROKER>>MB7_EG>>0>>1401382529632
2871<<Administration Result<<2014-05-29 22:25:35.277 IST<<upender<<deploy<<C:/Users/IBM_ADMIN/IBM/wmbt70/LABS/GeneratedBarFiles/UPDATE_MASTER_DB_MFP/UPDATE_MASTER_DB_MF.msgflo... (data of len 115 truncated)<<BAR<<MB7_EG<<ExecutionGroup<<COMPLETE
UPDATE_MASTER_DB_MF.msgflow>>MB7BROKER>>MB7_EG>>0>>1401382723674
2871<<Administration Result<<2014-05-29 22:28:47.801 IST<<upender<<deploy<<C:/Users/IBM_ADMIN/IBM/wmbt70/LABS/GeneratedBarFiles/UPDATE_MASTER_DB_MFP/UPDATE_MASTER_DB_MF.msgflo... (data of len 115 truncated)<<BAR<<MB7_EG<<ExecutionGroup<<COMPLETE
UPDATE_MASTER_DB_MF.msgflow>>MB7BROKER>>MB7_EG>>0>>1401383484665
2871<<Administration Result<<2014-05-29 22:41:26.511 IST<<upender<<deploy<<C:/Users/IBM_ADMIN/IBM/wmbt70/LABS/GeneratedBarFiles/UPDATE_MASTER_DB_MFP/UPDATE_MASTER_DB_MF.msgflo... (data of len 115 truncated)<<BAR<<MB7_EG<<ExecutionGroup<<COMPLETE
UPDATE_MASTER_DB_MF.msgflow>>MB7BROKER>>MB7_EG>>0>>1401385332629
2871<<Administration Result<<2014-05-29 23:12:14.466 IST<<upender<<deploy<<C:/Users/IBM_ADMIN/IBM/wmbt70/LABS/GeneratedBarFiles/UPDATE_MASTER_DB_MFP/UPDATE_MASTER_DB_MF.msgflo... (data of len 115 truncated)<<BAR<<MB7_EG<<ExecutionGroup<<COMPLETE
UPDATE_MASTER_DB_MF.msgflow>>MB7BROKER>>MB7_EG>>0>>1401385798143
2871<<Administration Result<<2014-05-29 23:20:02.234 IST<<upender<<deploy<<C:/Users/IBM_ADMIN/IBM/wmbt70/LABS/GeneratedBarFiles/UPDATE_MASTER_DB_MFP/UPDATE_MASTER_DB_MF.msgflo... (data of len 115 truncated)<<BAR<<MB7_EG<<ExecutionGroup<<COMPLETE
UPDATE_MASTER_DB_MF.msgflow>>MB7BROKER>>MB7_EG>>0>>1401386065377
2871<<Administration Result<<2014-05-29 23:24:29.931 IST<<upender<<deploy<<C:/Users/IBM_ADMIN/IBM/wmbt70/LABS/GeneratedBarFiles/UPDATE_MASTER_DB_MFP/UPDATE_MASTER_DB_MF.msgflo... (data of len 115 truncated)<<BAR<<MB7_EG<<ExecutionGroup<<COMPLETE
UPDATE_MASTER_DB_MF.msgflow>>MB7BROKER>>MB7_EG>>0>>1401386232005
2871<<Administration Result<<2014-05-29 23:27:15.280 IST<<upender<<deploy<<C:/Users/IBM_ADMIN/IBM/wmbt70/LABS/GeneratedBarFiles/UPDATE_MASTER_DB_MFP/UPDATE_MASTER_DB_MF.msgflo... (data of len 115 truncated)<<BAR<<MB7_EG<<ExecutionGroup<<COMPLETE
UPDATE_MASTER_DB_MF.msgflow>>MB7BROKER>>MB7_EG>>0>>1401386839933
2871<<Administration Result<<2014-05-29 23:37:24.788 IST<<upender<<deploy<<C:/Users/IBM_ADMIN/IBM/wmbt70/LABS/GeneratedBarFiles/UPDATE_MASTER_DB_MFP/UPDATE_MASTER_DB_MF.msgflo... (data of len 115 truncated)<<BAR<<MB7_EG<<ExecutionGroup<<COMPLETE
Address_bar.bar>>MB7BROKER>>MB7_EG>>0>>1401436835430
2871<<Administration Result<<2014-05-30 13:30:41.165 IST<<upender<<deploy<<C:/Users/IBM_ADMIN/IBM/wmbt70/LABS/Address_Book_MF/Address_bar.bar<<BAR<<MB7_EG<<ExecutionGroup<<COMPLETE
Address_bar.bar>>MB7BROKER>>MB7_EG>>0>>1401437058910
2871<<Administration Result<<2014-05-30 13:34:22.855 IST<<upender<<deploy<<C:/Users/IBM_ADMIN/IBM/wmbt70/LABS/Address_Book_MF/Address_bar.bar<<BAR<<MB7_EG<<ExecutionGroup<<COMPLETE
Address_bar.bar>>MB7BROKER>>MB7_EG>>0>>1401437423072
2871<<Administration Result<<2014-05-30 13:40:29.640 IST<<upender<<deploy<<C:/Users/IBM_ADMIN/IBM/wmbt70/LABS/Address_Book_MF/Address_bar.bar<<BAR<<MB7_EG<<ExecutionGroup<<COMPLETE
Address_bar.bar>>MB7BROKER>>HTTPHeaderNodeSampleExecutionGroup>>2>>1401437666899
2851<<MB7BROKER<<2014-05-30 13:44:26.997 IST<<deploy<<ExecutionGroup<<HTTPHeaderNodeSampleExecutionGroup<<ExecutionGroup<<615beaca-4501-0000-0080-f007a7ae3d55<<<<<<<<<<
Address_bar.bar>>MB7BROKER>>MB7_EG>>0>>1401437674075
2871<<Administration Result<<2014-05-30 13:44:41.651 IST<<upender<<deploy<<C:/Users/IBM_ADMIN/IBM/wmbt70/LABS/Address_Book_MF/Address_bar.bar<<BAR<<MB7_EG<<ExecutionGroup<<COMPLETE
Address_bar.bar>>MB7BROKER>>MB7_EG>>0>>1401437825823
2871<<Administration Result<<2014-05-30 13:47:13.074 IST<<upender<<deploy<<C:/Users/IBM_ADMIN/IBM/wmbt70/LABS/Address_Book_MF/Address_bar.bar<<BAR<<MB7_EG<<ExecutionGroup<<COMPLETE
Address_bar.bar>>MB7BROKER>>MB7_EG>>0>>1401439271257
2871<<Administration Result<<2014-05-30 14:11:17.695 IST<<upender<<deploy<<C:/Users/IBM_ADMIN/IBM/wmbt70/LABS/Address_Book_MF/Address_bar.bar<<BAR<<MB7_EG<<ExecutionGroup<<COMPLETE
Address_bar.bar>>MB7BROKER>>MB7_EG>>0>>1401439375297
2871<<Administration Result<<2014-05-30 14:13:02.736 IST<<upender<<deploy<<C:/Users/IBM_ADMIN/IBM/wmbt70/LABS/Address_Book_MF/Address_bar.bar<<BAR<<MB7_EG<<ExecutionGroup<<COMPLETE
Address_bar.bar>>MB7BROKER>>MB7_EG>>0>>1401439764772
2871<<Administration Result<<2014-05-30 14:19:30.198 IST<<upender<<deploy<<C:/Users/IBM_ADMIN/IBM/wmbt70/LABS/Address_Book_MF/Address_bar.bar<<BAR<<MB7_EG<<ExecutionGroup<<COMPLETE
Address_bar.bar>>MB7BROKER>>MB7_EG>>0>>1401440170442
2871<<Administration Result<<2014-05-30 14:26:16.907 IST<<upender<<deploy<<C:/Users/IBM_ADMIN/IBM/wmbt70/LABS/Address_Book_MF/Address_bar.bar<<BAR<<MB7_EG<<ExecutionGroup<<COMPLETE
Address_bar.bar>>MB7BROKER>>MB7_EG>>0>>1401440822018
2871<<Administration Result<<2014-05-30 14:37:09.247 IST<<upender<<deploy<<C:/Users/IBM_ADMIN/IBM/wmbt70/LABS/Address_Book_MF/Address_bar.bar<<BAR<<MB7_EG<<ExecutionGroup<<COMPLETE
Address_bar.bar>>MB7BROKER>>MB7_EG>>0>>1401443236184
2871<<Administration Result<<2014-05-30 15:17:24.070 IST<<upender<<deploy<<C:/Users/IBM_ADMIN/IBM/wmbt70/LABS/Address_Book_MF/Address_bar.bar<<BAR<<MB7_EG<<ExecutionGroup<<COMPLETE
Address_bar.bar>>MB7BROKER>>MB7_EG>>0>>1401443342157
2871<<Administration Result<<2014-05-30 15:19:07.930 IST<<upender<<deploy<<C:/Users/IBM_ADMIN/IBM/wmbt70/LABS/Address_Book_MF/Address_bar.bar<<BAR<<MB7_EG<<ExecutionGroup<<COMPLETE
Address_bar.bar>>MB7BROKER>>MB7_EG>>0>>1401443426321
2871<<Administration Result<<2014-05-30 15:20:32.795 IST<<upender<<deploy<<C:/Users/IBM_ADMIN/IBM/wmbt70/LABS/Address_Book_MF/Address_bar.bar<<BAR<<MB7_EG<<ExecutionGroup<<COMPLETE
Address_bar.bar>>MB7BROKER>>MB7_EG>>2>>1401443752429
2087<<Runtime Response<<2014-05-30 15:26:01.722 IST<<MB7BROKER<<39f01db7-ed87-4b38-93ee-527da15c951f
4041<<Runtime Response<<2014-05-30 15:26:01.722 IST<<MB7_EG<<66f08b94-4501-0000-0080-f643aecdb392
4001<<Runtime Response<<2014-05-30 15:26:01.723 IST<<Ws_Provider_flow.FindCompute
2496<<Runtime Response<<2014-05-30 15:26:01.723 IST<<.Ws_Provider_flow_FindCompute.Main<<11.7<<Ws_Provider_flow.FindCompute
2871<<Administration Result<<2014-05-30 15:26:01.724 IST<<upender<<deploy<<C:/Users/IBM_ADMIN/IBM/wmbt70/LABS/Address_Book_MF/Address_bar.bar<<BAR<<MB7_EG<<ExecutionGroup<<FAILED
Address_bar.bar>>MB7BROKER>>MB7_EG>>2>>1401443797544
2087<<Runtime Response<<2014-05-30 15:26:45.095 IST<<MB7BROKER<<39f01db7-ed87-4b38-93ee-527da15c951f
4041<<Runtime Response<<2014-05-30 15:26:45.095 IST<<MB7_EG<<66f08b94-4501-0000-0080-f643aecdb392
4001<<Runtime Response<<2014-05-30 15:26:45.096 IST<<Ws_Provider_flow.FindCompute
2496<<Runtime Response<<2014-05-30 15:26:45.096 IST<<.Ws_Provider_flow_FindCompute.Main<<11.7<<Ws_Provider_flow.FindCompute
2871<<Administration Result<<2014-05-30 15:26:45.096 IST<<upender<<deploy<<C:/Users/IBM_ADMIN/IBM/wmbt70/LABS/Address_Book_MF/Address_bar.bar<<BAR<<MB7_EG<<ExecutionGroup<<FAILED
Address_bar.bar>>MB7BROKER>>MB7_EG>>0>>1401443893131
2871<<Administration Result<<2014-05-30 15:28:17.013 IST<<upender<<deploy<<C:/Users/IBM_ADMIN/IBM/wmbt70/LABS/Address_Book_MF/Address_bar.bar<<BAR<<MB7_EG<<ExecutionGroup<<COMPLETE
Address_bar.bar>>MB7BROKER>>MB7_EG>>0>>1401444097933
2871<<Administration Result<<2014-05-30 15:31:45.822 IST<<upender<<deploy<<C:/Users/IBM_ADMIN/IBM/wmbt70/LABS/Address_Book_MF/Address_bar.bar<<BAR<<MB7_EG<<ExecutionGroup<<COMPLETE
Address_bar.bar>>MB7BROKER>>MB7_EG>>0>>1401444206036
2871<<Administration Result<<2014-05-30 15:33:32.649 IST<<upender<<deploy<<C:/Users/IBM_ADMIN/IBM/wmbt70/LABS/Address_Book_MF/Address_bar.bar<<BAR<<MB7_EG<<ExecutionGroup<<COMPLETE
Address_bar.bar>>MB7BROKER>>MB7_EG>>0>>1401444598789
2871<<Administration Result<<2014-05-30 15:40:05.087 IST<<upender<<deploy<<C:/Users/IBM_ADMIN/IBM/wmbt70/LABS/Address_Book_MF/Address_bar.bar<<BAR<<MB7_EG<<ExecutionGroup<<COMPLETE
Address_bar.bar>>MB7BROKER>>MB7_EG>>0>>1401444676671
2871<<Administration Result<<2014-05-30 15:41:23.283 IST<<upender<<deploy<<C:/Users/IBM_ADMIN/IBM/wmbt70/LABS/Address_Book_MF/Address_bar.bar<<BAR<<MB7_EG<<ExecutionGroup<<COMPLETE
Address_bar.bar>>MB7BROKER>>MB7_EG>>0>>1401445510982
2871<<Administration Result<<2014-05-30 15:55:17.162 IST<<upender<<deploy<<C:/Users/IBM_ADMIN/IBM/wmbt70/LABS/Address_Book_MF/Address_bar.bar<<BAR<<MB7_EG<<ExecutionGroup<<COMPLETE
Address_bar.bar>>MB7BROKER>>MB7_EG>>2>>1401445630833
2087<<Runtime Response<<2014-05-30 15:57:18.569 IST<<MB7BROKER<<39f01db7-ed87-4b38-93ee-527da15c951f
4041<<Runtime Response<<2014-05-30 15:57:18.570 IST<<MB7_EG<<66f08b94-4501-0000-0080-f643aecdb392
4001<<Runtime Response<<2014-05-30 15:57:18.571 IST<<Ws_Provider_flow.FindCompute
2493<<Runtime Response<<2014-05-30 15:57:18.571 IST<<.Ws_Provider_flow_FindCompute.Main<<14.6<<EXISTS<<1<<Ws_Provider_flow.FindCompute
2871<<Administration Result<<2014-05-30 15:57:18.573 IST<<upender<<deploy<<C:/Users/IBM_ADMIN/IBM/wmbt70/LABS/Address_Book_MF/Address_bar.bar<<BAR<<MB7_EG<<ExecutionGroup<<FAILED
Address_bar.bar>>MB7BROKER>>MB7_EG>>0>>1401445667561
2871<<Administration Result<<2014-05-30 15:57:55.354 IST<<upender<<deploy<<C:/Users/IBM_ADMIN/IBM/wmbt70/LABS/Address_Book_MF/Address_bar.bar<<BAR<<MB7_EG<<ExecutionGroup<<COMPLETE
Address_bar.bar>>MB7BROKER>>MB7_EG>>0>>1401445792115
2871<<Administration Result<<2014-05-30 15:59:59.424 IST<<upender<<deploy<<C:/Users/IBM_ADMIN/IBM/wmbt70/LABS/Address_Book_MF/Address_bar.bar<<BAR<<MB7_EG<<ExecutionGroup<<COMPLETE
Address_bar.bar>>MB7BROKER>>MB7_EG>>2>>1401445937280
2087<<Runtime Response<<2014-05-30 16:02:27.505 IST<<MB7BROKER<<39f01db7-ed87-4b38-93ee-527da15c951f
4041<<Runtime Response<<2014-05-30 16:02:27.506 IST<<MB7_EG<<66f08b94-4501-0000-0080-f643aecdb392
4001<<Runtime Response<<2014-05-30 16:02:27.506 IST<<Ws_Provider_flow.FindCompute
2497<<Runtime Response<<2014-05-30 16:02:27.507 IST<<.Ws_Provider_flow_FindCompute.Main<<16.8<<Ws_Provider_flow.FindCompute
2871<<Administration Result<<2014-05-30 16:02:27.508 IST<<upender<<deploy<<C:/Users/IBM_ADMIN/IBM/wmbt70/LABS/Address_Book_MF/Address_bar.bar<<BAR<<MB7_EG<<ExecutionGroup<<FAILED
Address_bar.bar>>MB7BROKER>>MB7_EG>>2>>1401446108905
2087<<Runtime Response<<2014-05-30 16:05:16.140 IST<<MB7BROKER<<39f01db7-ed87-4b38-93ee-527da15c951f
4041<<Runtime Response<<2014-05-30 16:05:16.141 IST<<MB7_EG<<66f08b94-4501-0000-0080-f643aecdb392
4001<<Runtime Response<<2014-05-30 16:05:16.141 IST<<Ws_Provider_flow.FindCompute
2497<<Runtime Response<<2014-05-30 16:05:16.142 IST<<.Ws_Provider_flow_FindCompute.Main<<16.8<<Ws_Provider_flow.FindCompute
2871<<Administration Result<<2014-05-30 16:05:16.143 IST<<upender<<deploy<<C:/Users/IBM_ADMIN/IBM/wmbt70/LABS/Address_Book_MF/Address_bar.bar<<BAR<<MB7_EG<<ExecutionGroup<<FAILED
Address_bar.bar>>MB7BROKER>>MB7_EG>>0>>1401446170627
2871<<Administration Result<<2014-05-30 16:06:17.984 IST<<upender<<deploy<<C:/Users/IBM_ADMIN/IBM/wmbt70/LABS/Address_Book_MF/Address_bar.bar<<BAR<<MB7_EG<<ExecutionGroup<<COMPLETE
Address_bar.bar>>MB7BROKER>>MB7_EG>>0>>1401446280318
2871<<Administration Result<<2014-05-30 16:08:07.453 IST<<upender<<deploy<<C:/Users/IBM_ADMIN/IBM/wmbt70/LABS/Address_Book_MF/Address_bar.bar<<BAR<<MB7_EG<<ExecutionGroup<<COMPLETE
Address_bar.bar>>MB7BROKER>>MB7_EG>>0>>1401446416774
2871<<Administration Result<<2014-05-30 16:10:24.455 IST<<upender<<deploy<<C:/Users/IBM_ADMIN/IBM/wmbt70/LABS/Address_Book_MF/Address_bar.bar<<BAR<<MB7_EG<<ExecutionGroup<<COMPLETE
Address_bar.bar>>MB7BROKER>>MB7_EG>>0>>1401446486949
2871<<Administration Result<<2014-05-30 16:11:31.189 IST<<upender<<deploy<<C:/Users/IBM_ADMIN/IBM/wmbt70/LABS/Address_Book_MF/Address_bar.bar<<BAR<<MB7_EG<<ExecutionGroup<<COMPLETE
Address_bar.bar>>MB7BROKER>>MB7_EG>>0>>1401446557082
2871<<Administration Result<<2014-05-30 16:12:42.914 IST<<upender<<deploy<<C:/Users/IBM_ADMIN/IBM/wmbt70/LABS/Address_Book_MF/Address_bar.bar<<BAR<<MB7_EG<<ExecutionGroup<<COMPLETE
Address_bar.bar>>MB7BROKER>>MB7_EG>>0>>1401446889735
2871<<Administration Result<<2014-05-30 16:18:16.332 IST<<upender<<deploy<<C:/Users/IBM_ADMIN/IBM/wmbt70/LABS/Address_Book_MF/Address_bar.bar<<BAR<<MB7_EG<<ExecutionGroup<<COMPLETE
Address_bar.bar>>MB7BROKER>>MB7_EG>>0>>1401447168693
2871<<Administration Result<<2014-05-30 16:22:56.154 IST<<upender<<deploy<<C:/Users/IBM_ADMIN/IBM/wmbt70/LABS/Address_Book_MF/Address_bar.bar<<BAR<<MB7_EG<<ExecutionGroup<<COMPLETE
Address_bar.bar>>MB7BROKER>>MB7_EG>>0>>1401447432349
2871<<Administration Result<<2014-05-30 16:27:19.657 IST<<upender<<deploy<<C:/Users/IBM_ADMIN/IBM/wmbt70/LABS/Address_Book_MF/Address_bar.bar<<BAR<<MB7_EG<<ExecutionGroup<<COMPLETE
Address_bar.bar>>MB7BROKER>>MB7_EG>>0>>1401447894077
2871<<Administration Result<<2014-05-30 16:35:01.313 IST<<upender<<deploy<<C:/Users/IBM_ADMIN/IBM/wmbt70/LABS/Address_Book_MF/Address_bar.bar<<BAR<<MB7_EG<<ExecutionGroup<<COMPLETE
Address_bar.bar>>MB7BROKER>>MB7_EG>>0>>1401448122045
2871<<Administration Result<<2014-05-30 16:38:48.367 IST<<upender<<deploy<<C:/Users/IBM_ADMIN/IBM/wmbt70/LABS/Address_Book_MF/Address_bar.bar<<BAR<<MB7_EG<<ExecutionGroup<<COMPLETE
Address_bar.bar>>MB7BROKER>>MB7_EG>>0>>1401448222113
2871<<Administration Result<<2014-05-30 16:40:30.121 IST<<upender<<deploy<<C:/Users/IBM_ADMIN/IBM/wmbt70/LABS/Address_Book_MF/Address_bar.bar<<BAR<<MB7_EG<<ExecutionGroup<<COMPLETE
Address_bar.bar>>MB7BROKER>>MB7_EG>>0>>1401448301089
2871<<Administration Result<<2014-05-30 16:41:48.032 IST<<upender<<deploy<<C:/Users/IBM_ADMIN/IBM/wmbt70/LABS/Address_Book_MF/Address_bar.bar<<BAR<<MB7_EG<<ExecutionGroup<<COMPLETE
Address_bar.bar>>MB7BROKER>>MB7_EG>>0>>1401448619102
2871<<Administration Result<<2014-05-30 16:47:06.570 IST<<upender<<deploy<<C:/Users/IBM_ADMIN/IBM/wmbt70/LABS/Address_Book_MF/Address_bar.bar<<BAR<<MB7_EG<<ExecutionGroup<<COMPLETE
