Root:   ( ['MQROOT' : 0x14b48b66050]
  (0x01000000:Name  ):Properties = ( ['MQPROPERTYPARSER' : 0x14b48c94f30]
    (0x03000000:NameValue):MessageSet             = '' (CHARACTER)
    (0x03000000:NameValue):MessageType            = '' (CHARACTER)
    (0x03000000:NameValue):MessageFormat          = '' (CHARACTER)
    (0x03000000:NameValue):Encoding               = 546 (INTEGER)
    (0x03000000:NameValue):CodedCharSetId         = 437 (INTEGER)
    (0x03000000:NameValue):Transactional          = TRUE (BOOLEAN)
    (0x03000000:NameValue):Persistence            = FALSE (BOOLEAN)
    (0x03000000:NameValue):CreationTime           = GMTTIMESTAMP '2018-07-18 14:31:06.150' (GMTTIMESTAMP)
    (0x03000000:NameValue):ExpirationTime         = -1 (INTEGER)
    (0x03000000:NameValue):Priority               = 0 (INTEGER)
    (0x03000000:NameValue):ReplyIdentifier        = X'000000000000000000000000000000000000000000000000' (BLOB)
    (0x03000000:NameValue):ReplyProtocol          = 'MQ' (CHARACTER)
    (0x03000000:NameValue):Topic                  = NULL
    (0x03000000:NameValue):ContentType            = '' (CHARACTER)
    (0x03000000:NameValue):IdentitySourceType     = '' (CHARACTER)
    (0x03000000:NameValue):IdentitySourceToken    = '' (CHARACTER)
    (0x03000000:NameValue):IdentitySourcePassword = '' (CHARACTER)
    (0x03000000:NameValue):IdentitySourceIssuedBy = '' (CHARACTER)
    (0x03000000:NameValue):IdentityMappedType     = '' (CHARACTER)
    (0x03000000:NameValue):IdentityMappedToken    = '' (CHARACTER)
    (0x03000000:NameValue):IdentityMappedPassword = '' (CHARACTER)
    (0x03000000:NameValue):IdentityMappedIssuedBy = '' (CHARACTER)
  )
  (0x01000000:Name  ):MQMD       = ( ['MQHMD' : 0x14b423c1cc0]
    (0x03000000:NameValue):SourceQueue      = 'Customer.out' (CHARACTER)
    (0x03000000:NameValue):Transactional    = TRUE (BOOLEAN)
    (0x03000000:NameValue):Encoding         = 546 (INTEGER)
    (0x03000000:NameValue):CodedCharSetId   = 437 (INTEGER)
    (0x03000000:NameValue):Format           = '        ' (CHARACTER)
    (0x03000000:NameValue):Version          = 2 (INTEGER)
    (0x03000000:NameValue):Report           = 0 (INTEGER)
    (0x03000000:NameValue):MsgType          = 8 (INTEGER)
    (0x03000000:NameValue):Expiry           = -1 (INTEGER)
    (0x03000000:NameValue):Feedback         = 0 (INTEGER)
    (0x03000000:NameValue):Priority         = 0 (INTEGER)
    (0x03000000:NameValue):Persistence      = 0 (INTEGER)
    (0x03000000:NameValue):MsgId            = X'414d5120544553545f514d2020202020c83a4e5b23181d23' (BLOB)
    (0x03000000:NameValue):CorrelId         = X'000000000000000000000000000000000000000000000000' (BLOB)
    (0x03000000:NameValue):BackoutCount     = 0 (INTEGER)
    (0x03000000:NameValue):ReplyToQ         = '                                                ' (CHARACTER)
    (0x03000000:NameValue):ReplyToQMgr      = 'TEST_QM                                         ' (CHARACTER)
    (0x03000000:NameValue):UserIdentifier   = 'ezone       ' (CHARACTER)
    (0x03000000:NameValue):AccountingToken  = X'160105150000006d023f074b7c95cfc697b436e903000000000000000000000b' (BLOB)
    (0x03000000:NameValue):ApplIdentityData = '                                ' (CHARACTER)
    (0x03000000:NameValue):PutApplType      = 11 (INTEGER)
    (0x03000000:NameValue):PutApplName      = 'b softwares\ih03\rfhutil.exe' (CHARACTER)
    (0x03000000:NameValue):PutDate          = DATE '2018-07-18' (DATE)
    (0x03000000:NameValue):PutTime          = GMTTIME '14:31:06.150' (GMTTIME)
    (0x03000000:NameValue):ApplOriginData   = '    ' (CHARACTER)
    (0x03000000:NameValue):GroupId          = X'000000000000000000000000000000000000000000000000' (BLOB)
    (0x03000000:NameValue):MsgSeqNumber     = 1 (INTEGER)
    (0x03000000:NameValue):Offset           = 0 (INTEGER)
    (0x03000000:NameValue):MsgFlags         = 0 (INTEGER)
    (0x03000000:NameValue):OriginalLength   = -1 (INTEGER)
  )
  (0x01000000:Folder):XMLNSC     = ( ['xmlnsc' : 0x14b488d8470]
    (0x01000000:Folder):customer = (
      (0x03000000:PCDataField):tag1            = 'personal' (CHARACTER)
      (0x03000000:PCDataField):tag2            = 'address' (CHARACTER)
      (0x03000000:PCDataField):tag3            = 'company' (CHARACTER)
      (0x01000000:Folder     ):personaldetails = (
        (0x03000000:PCDataField):firstname = 'upender' (CHARACTER)
        (0x03000000:PCDataField):lastname  = 'tadewar' (CHARACTER)
      )
      (0x01000000:Folder     ):addressdetails  = (
        (0x03000000:PCDataField):area  = 'hinjewadi' (CHARACTER)
        (0x03000000:PCDataField):city  = 'pune' (CHARACTER)
        (0x03000000:PCDataField):state = 'maharastra' (CHARACTER)
      )
      (0x01000000:Folder     ):comanydetails   = (
        (0x03000000:PCDataField):comanyname = 'cognizant' (CHARACTER)
        (0x03000000:PCDataField):city       = 'pune' (CHARACTER)
        (0x03000000:PCDataField):state      = 'maharastra' (CHARACTER)
      )
    )
  )
)
LocalEnvironment:  
ExceptionList:  ( ['MQROOT' : 0x14b48b66380]
  (0x01000000:Name):RecoverableException = (
    (0x03000000:NameValue):File     = 'F:\build\S1000_slot1\S1000_P\src\DataFlowEngine\AggregateNodes\lib\ImbAggregateReplyNode.cpp' (CHARACTER)
    (0x03000000:NameValue):Line     = 1434 (INTEGER)
    (0x03000000:NameValue):Function = 'ImbAggregateReplyNode::findRequest' (CHARACTER)
    (0x03000000:NameValue):Type     = 'ComIbmAggregateReplyNode' (CHARACTER)
    (0x03000000:NameValue):Name     = 'FAN_IN_MF#FCMComposite_1_6' (CHARACTER)
    (0x03000000:NameValue):Label    = 'FAN_IN_MF.Aggregate Reply' (CHARACTER)
    (0x03000000:NameValue):Catalog  = 'BIPmsgs' (CHARACTER)
    (0x03000000:NameValue):Severity = 3 (INTEGER)
    (0x03000000:NameValue):Number   = 4435 (INTEGER)
    (0x03000000:NameValue):Text     = 'invalid replyId on reply message' (CHARACTER)
    (0x01000000:Name     ):Insert   = (
      (0x03000000:NameValue):Type = 5 (INTEGER)
      (0x03000000:NameValue):Text = '000000000000000000000000000000000000000000000000' (CHARACTER)
    )
  )
)
Root:   ( ['MQROOT' : 0x14b48b66050]
  (0x01000000:Name  ):Properties = ( ['MQPROPERTYPARSER' : 0x14b48c94f30]
    (0x03000000:NameValue):MessageSet             = '' (CHARACTER)
    (0x03000000:NameValue):MessageType            = '' (CHARACTER)
    (0x03000000:NameValue):MessageFormat          = '' (CHARACTER)
    (0x03000000:NameValue):Encoding               = 546 (INTEGER)
    (0x03000000:NameValue):CodedCharSetId         = 437 (INTEGER)
    (0x03000000:NameValue):Transactional          = TRUE (BOOLEAN)
    (0x03000000:NameValue):Persistence            = FALSE (BOOLEAN)
    (0x03000000:NameValue):CreationTime           = GMTTIMESTAMP '2018-07-18 14:31:06.150' (GMTTIMESTAMP)
    (0x03000000:NameValue):ExpirationTime         = -1 (INTEGER)
    (0x03000000:NameValue):Priority               = 0 (INTEGER)
    (0x03000000:NameValue):ReplyIdentifier        = X'000000000000000000000000000000000000000000000000' (BLOB)
    (0x03000000:NameValue):ReplyProtocol          = 'MQ' (CHARACTER)
    (0x03000000:NameValue):Topic                  = NULL
    (0x03000000:NameValue):ContentType            = '' (CHARACTER)
    (0x03000000:NameValue):IdentitySourceType     = '' (CHARACTER)
    (0x03000000:NameValue):IdentitySourceToken    = '' (CHARACTER)
    (0x03000000:NameValue):IdentitySourcePassword = '' (CHARACTER)
    (0x03000000:NameValue):IdentitySourceIssuedBy = '' (CHARACTER)
    (0x03000000:NameValue):IdentityMappedType     = '' (CHARACTER)
    (0x03000000:NameValue):IdentityMappedToken    = '' (CHARACTER)
    (0x03000000:NameValue):IdentityMappedPassword = '' (CHARACTER)
    (0x03000000:NameValue):IdentityMappedIssuedBy = '' (CHARACTER)
  )
  (0x01000000:Name  ):MQMD       = ( ['MQHMD' : 0x14b423c1cc0]
    (0x03000000:NameValue):SourceQueue      = 'Customer.out' (CHARACTER)
    (0x03000000:NameValue):Transactional    = TRUE (BOOLEAN)
    (0x03000000:NameValue):Encoding         = 546 (INTEGER)
    (0x03000000:NameValue):CodedCharSetId   = 437 (INTEGER)
    (0x03000000:NameValue):Format           = '        ' (CHARACTER)
    (0x03000000:NameValue):Version          = 2 (INTEGER)
    (0x03000000:NameValue):Report           = 0 (INTEGER)
    (0x03000000:NameValue):MsgType          = 8 (INTEGER)
    (0x03000000:NameValue):Expiry           = -1 (INTEGER)
    (0x03000000:NameValue):Feedback         = 0 (INTEGER)
    (0x03000000:NameValue):Priority         = 0 (INTEGER)
    (0x03000000:NameValue):Persistence      = 0 (INTEGER)
    (0x03000000:NameValue):MsgId            = X'414d5120544553545f514d2020202020c83a4e5b23181d24' (BLOB)
    (0x03000000:NameValue):CorrelId         = X'000000000000000000000000000000000000000000000000' (BLOB)
    (0x03000000:NameValue):BackoutCount     = 0 (INTEGER)
    (0x03000000:NameValue):ReplyToQ         = '                                                ' (CHARACTER)
    (0x03000000:NameValue):ReplyToQMgr      = 'TEST_QM                                         ' (CHARACTER)
    (0x03000000:NameValue):UserIdentifier   = 'ezone       ' (CHARACTER)
    (0x03000000:NameValue):AccountingToken  = X'160105150000006d023f074b7c95cfc697b436e903000000000000000000000b' (BLOB)
    (0x03000000:NameValue):ApplIdentityData = '                                ' (CHARACTER)
    (0x03000000:NameValue):PutApplType      = 11 (INTEGER)
    (0x03000000:NameValue):PutApplName      = 'b softwares\ih03\rfhutil.exe' (CHARACTER)
    (0x03000000:NameValue):PutDate          = DATE '2018-07-18' (DATE)
    (0x03000000:NameValue):PutTime          = GMTTIME '14:31:06.150' (GMTTIME)
    (0x03000000:NameValue):ApplOriginData   = '    ' (CHARACTER)
    (0x03000000:NameValue):GroupId          = X'000000000000000000000000000000000000000000000000' (BLOB)
    (0x03000000:NameValue):MsgSeqNumber     = 1 (INTEGER)
    (0x03000000:NameValue):Offset           = 0 (INTEGER)
    (0x03000000:NameValue):MsgFlags         = 0 (INTEGER)
    (0x03000000:NameValue):OriginalLength   = -1 (INTEGER)
  )
  (0x01000000:Folder):XMLNSC     = ( ['xmlnsc' : 0x14b488d8470]
    (0x01000000:Folder):customer = (
      (0x03000000:PCDataField):tag1            = 'personal' (CHARACTER)
      (0x03000000:PCDataField):tag2            = 'address' (CHARACTER)
      (0x03000000:PCDataField):tag3            = 'company' (CHARACTER)
      (0x01000000:Folder     ):personaldetails = (
        (0x03000000:PCDataField):firstname = 'upender' (CHARACTER)
        (0x03000000:PCDataField):lastname  = 'tadewar' (CHARACTER)
      )
      (0x01000000:Folder     ):addressdetails  = (
        (0x03000000:PCDataField):area  = 'hinjewadi' (CHARACTER)
        (0x03000000:PCDataField):city  = 'pune' (CHARACTER)
        (0x03000000:PCDataField):state = 'maharastra' (CHARACTER)
      )
      (0x01000000:Folder     ):comanydetails   = (
        (0x03000000:PCDataField):comanyname = 'cognizant' (CHARACTER)
        (0x03000000:PCDataField):city       = 'pune' (CHARACTER)
        (0x03000000:PCDataField):state      = 'maharastra' (CHARACTER)
      )
    )
  )
)
LocalEnvironment:  
ExceptionList:  ( ['MQROOT' : 0x14b48b66380]
  (0x01000000:Name):RecoverableException = (
    (0x03000000:NameValue):File     = 'F:\build\S1000_slot1\S1000_P\src\DataFlowEngine\AggregateNodes\lib\ImbAggregateReplyNode.cpp' (CHARACTER)
    (0x03000000:NameValue):Line     = 1434 (INTEGER)
    (0x03000000:NameValue):Function = 'ImbAggregateReplyNode::findRequest' (CHARACTER)
    (0x03000000:NameValue):Type     = 'ComIbmAggregateReplyNode' (CHARACTER)
    (0x03000000:NameValue):Name     = 'FAN_IN_MF#FCMComposite_1_6' (CHARACTER)
    (0x03000000:NameValue):Label    = 'FAN_IN_MF.Aggregate Reply' (CHARACTER)
    (0x03000000:NameValue):Catalog  = 'BIPmsgs' (CHARACTER)
    (0x03000000:NameValue):Severity = 3 (INTEGER)
    (0x03000000:NameValue):Number   = 4435 (INTEGER)
    (0x03000000:NameValue):Text     = 'invalid replyId on reply message' (CHARACTER)
    (0x01000000:Name     ):Insert   = (
      (0x03000000:NameValue):Type = 5 (INTEGER)
      (0x03000000:NameValue):Text = '000000000000000000000000000000000000000000000000' (CHARACTER)
    )
  )
)
Root:   ( ['MQROOT' : 0x14b48b66050]
  (0x01000000:Name  ):Properties = ( ['MQPROPERTYPARSER' : 0x14b48c94f30]
    (0x03000000:NameValue):MessageSet             = '' (CHARACTER)
    (0x03000000:NameValue):MessageType            = '' (CHARACTER)
    (0x03000000:NameValue):MessageFormat          = '' (CHARACTER)
    (0x03000000:NameValue):Encoding               = 546 (INTEGER)
    (0x03000000:NameValue):CodedCharSetId         = 437 (INTEGER)
    (0x03000000:NameValue):Transactional          = TRUE (BOOLEAN)
    (0x03000000:NameValue):Persistence            = FALSE (BOOLEAN)
    (0x03000000:NameValue):CreationTime           = GMTTIMESTAMP '2018-07-18 14:31:06.150' (GMTTIMESTAMP)
    (0x03000000:NameValue):ExpirationTime         = -1 (INTEGER)
    (0x03000000:NameValue):Priority               = 0 (INTEGER)
    (0x03000000:NameValue):ReplyIdentifier        = X'000000000000000000000000000000000000000000000000' (BLOB)
    (0x03000000:NameValue):ReplyProtocol          = 'MQ' (CHARACTER)
    (0x03000000:NameValue):Topic                  = NULL
    (0x03000000:NameValue):ContentType            = '' (CHARACTER)
    (0x03000000:NameValue):IdentitySourceType     = '' (CHARACTER)
    (0x03000000:NameValue):IdentitySourceToken    = '' (CHARACTER)
    (0x03000000:NameValue):IdentitySourcePassword = '' (CHARACTER)
    (0x03000000:NameValue):IdentitySourceIssuedBy = '' (CHARACTER)
    (0x03000000:NameValue):IdentityMappedType     = '' (CHARACTER)
    (0x03000000:NameValue):IdentityMappedToken    = '' (CHARACTER)
    (0x03000000:NameValue):IdentityMappedPassword = '' (CHARACTER)
    (0x03000000:NameValue):IdentityMappedIssuedBy = '' (CHARACTER)
  )
  (0x01000000:Name  ):MQMD       = ( ['MQHMD' : 0x14b423c1cc0]
    (0x03000000:NameValue):SourceQueue      = 'Customer.out' (CHARACTER)
    (0x03000000:NameValue):Transactional    = TRUE (BOOLEAN)
    (0x03000000:NameValue):Encoding         = 546 (INTEGER)
    (0x03000000:NameValue):CodedCharSetId   = 437 (INTEGER)
    (0x03000000:NameValue):Format           = '        ' (CHARACTER)
    (0x03000000:NameValue):Version          = 2 (INTEGER)
    (0x03000000:NameValue):Report           = 0 (INTEGER)
    (0x03000000:NameValue):MsgType          = 8 (INTEGER)
    (0x03000000:NameValue):Expiry           = -1 (INTEGER)
    (0x03000000:NameValue):Feedback         = 0 (INTEGER)
    (0x03000000:NameValue):Priority         = 0 (INTEGER)
    (0x03000000:NameValue):Persistence      = 0 (INTEGER)
    (0x03000000:NameValue):MsgId            = X'414d5120544553545f514d2020202020c83a4e5b23181d25' (BLOB)
    (0x03000000:NameValue):CorrelId         = X'000000000000000000000000000000000000000000000000' (BLOB)
    (0x03000000:NameValue):BackoutCount     = 0 (INTEGER)
    (0x03000000:NameValue):ReplyToQ         = '                                                ' (CHARACTER)
    (0x03000000:NameValue):ReplyToQMgr      = 'TEST_QM                                         ' (CHARACTER)
    (0x03000000:NameValue):UserIdentifier   = 'ezone       ' (CHARACTER)
    (0x03000000:NameValue):AccountingToken  = X'160105150000006d023f074b7c95cfc697b436e903000000000000000000000b' (BLOB)
    (0x03000000:NameValue):ApplIdentityData = '                                ' (CHARACTER)
    (0x03000000:NameValue):PutApplType      = 11 (INTEGER)
    (0x03000000:NameValue):PutApplName      = 'b softwares\ih03\rfhutil.exe' (CHARACTER)
    (0x03000000:NameValue):PutDate          = DATE '2018-07-18' (DATE)
    (0x03000000:NameValue):PutTime          = GMTTIME '14:31:06.150' (GMTTIME)
    (0x03000000:NameValue):ApplOriginData   = '    ' (CHARACTER)
    (0x03000000:NameValue):GroupId          = X'000000000000000000000000000000000000000000000000' (BLOB)
    (0x03000000:NameValue):MsgSeqNumber     = 1 (INTEGER)
    (0x03000000:NameValue):Offset           = 0 (INTEGER)
    (0x03000000:NameValue):MsgFlags         = 0 (INTEGER)
    (0x03000000:NameValue):OriginalLength   = -1 (INTEGER)
  )
  (0x01000000:Folder):XMLNSC     = ( ['xmlnsc' : 0x14b488d8470]
    (0x01000000:Folder):customer = (
      (0x03000000:PCDataField):tag1            = 'personal' (CHARACTER)
      (0x03000000:PCDataField):tag2            = 'address' (CHARACTER)
      (0x03000000:PCDataField):tag3            = 'company' (CHARACTER)
      (0x01000000:Folder     ):personaldetails = (
        (0x03000000:PCDataField):firstname = 'upender' (CHARACTER)
        (0x03000000:PCDataField):lastname  = 'tadewar' (CHARACTER)
      )
      (0x01000000:Folder     ):addressdetails  = (
        (0x03000000:PCDataField):area  = 'hinjewadi' (CHARACTER)
        (0x03000000:PCDataField):city  = 'pune' (CHARACTER)
        (0x03000000:PCDataField):state = 'maharastra' (CHARACTER)
      )
      (0x01000000:Folder     ):comanydetails   = (
        (0x03000000:PCDataField):comanyname = 'cognizant' (CHARACTER)
        (0x03000000:PCDataField):city       = 'pune' (CHARACTER)
        (0x03000000:PCDataField):state      = 'maharastra' (CHARACTER)
      )
    )
  )
)
LocalEnvironment:  
ExceptionList:  ( ['MQROOT' : 0x14b48b66380]
  (0x01000000:Name):RecoverableException = (
    (0x03000000:NameValue):File     = 'F:\build\S1000_slot1\S1000_P\src\DataFlowEngine\AggregateNodes\lib\ImbAggregateReplyNode.cpp' (CHARACTER)
    (0x03000000:NameValue):Line     = 1434 (INTEGER)
    (0x03000000:NameValue):Function = 'ImbAggregateReplyNode::findRequest' (CHARACTER)
    (0x03000000:NameValue):Type     = 'ComIbmAggregateReplyNode' (CHARACTER)
    (0x03000000:NameValue):Name     = 'FAN_IN_MF#FCMComposite_1_6' (CHARACTER)
    (0x03000000:NameValue):Label    = 'FAN_IN_MF.Aggregate Reply' (CHARACTER)
    (0x03000000:NameValue):Catalog  = 'BIPmsgs' (CHARACTER)
    (0x03000000:NameValue):Severity = 3 (INTEGER)
    (0x03000000:NameValue):Number   = 4435 (INTEGER)
    (0x03000000:NameValue):Text     = 'invalid replyId on reply message' (CHARACTER)
    (0x01000000:Name     ):Insert   = (
      (0x03000000:NameValue):Type = 5 (INTEGER)
      (0x03000000:NameValue):Text = '000000000000000000000000000000000000000000000000' (CHARACTER)
    )
  )
)
Root:   ( ['MQROOT' : 0x14b48b66050]
  (0x01000000:Name  ):Properties = ( ['MQPROPERTYPARSER' : 0x14b48c94f30]
    (0x03000000:NameValue):MessageSet             = '' (CHARACTER)
    (0x03000000:NameValue):MessageType            = '' (CHARACTER)
    (0x03000000:NameValue):MessageFormat          = '' (CHARACTER)
    (0x03000000:NameValue):Encoding               = 546 (INTEGER)
    (0x03000000:NameValue):CodedCharSetId         = 437 (INTEGER)
    (0x03000000:NameValue):Transactional          = TRUE (BOOLEAN)
    (0x03000000:NameValue):Persistence            = FALSE (BOOLEAN)
    (0x03000000:NameValue):CreationTime           = GMTTIMESTAMP '2018-07-18 14:31:06.350' (GMTTIMESTAMP)
    (0x03000000:NameValue):ExpirationTime         = -1 (INTEGER)
    (0x03000000:NameValue):Priority               = 0 (INTEGER)
    (0x03000000:NameValue):ReplyIdentifier        = X'000000000000000000000000000000000000000000000000' (BLOB)
    (0x03000000:NameValue):ReplyProtocol          = 'MQ' (CHARACTER)
    (0x03000000:NameValue):Topic                  = NULL
    (0x03000000:NameValue):ContentType            = '' (CHARACTER)
    (0x03000000:NameValue):IdentitySourceType     = '' (CHARACTER)
    (0x03000000:NameValue):IdentitySourceToken    = '' (CHARACTER)
    (0x03000000:NameValue):IdentitySourcePassword = '' (CHARACTER)
    (0x03000000:NameValue):IdentitySourceIssuedBy = '' (CHARACTER)
    (0x03000000:NameValue):IdentityMappedType     = '' (CHARACTER)
    (0x03000000:NameValue):IdentityMappedToken    = '' (CHARACTER)
    (0x03000000:NameValue):IdentityMappedPassword = '' (CHARACTER)
    (0x03000000:NameValue):IdentityMappedIssuedBy = '' (CHARACTER)
  )
  (0x01000000:Name  ):MQMD       = ( ['MQHMD' : 0x14b423c1cc0]
    (0x03000000:NameValue):SourceQueue      = 'Customer.out' (CHARACTER)
    (0x03000000:NameValue):Transactional    = TRUE (BOOLEAN)
    (0x03000000:NameValue):Encoding         = 546 (INTEGER)
    (0x03000000:NameValue):CodedCharSetId   = 437 (INTEGER)
    (0x03000000:NameValue):Format           = '        ' (CHARACTER)
    (0x03000000:NameValue):Version          = 2 (INTEGER)
    (0x03000000:NameValue):Report           = 0 (INTEGER)
    (0x03000000:NameValue):MsgType          = 8 (INTEGER)
    (0x03000000:NameValue):Expiry           = -1 (INTEGER)
    (0x03000000:NameValue):Feedback         = 0 (INTEGER)
    (0x03000000:NameValue):Priority         = 0 (INTEGER)
    (0x03000000:NameValue):Persistence      = 0 (INTEGER)
    (0x03000000:NameValue):MsgId            = X'414d5120544553545f514d2020202020c83a4e5b23181d2a' (BLOB)
    (0x03000000:NameValue):CorrelId         = X'000000000000000000000000000000000000000000000000' (BLOB)
    (0x03000000:NameValue):BackoutCount     = 0 (INTEGER)
    (0x03000000:NameValue):ReplyToQ         = '                                                ' (CHARACTER)
    (0x03000000:NameValue):ReplyToQMgr      = 'TEST_QM                                         ' (CHARACTER)
    (0x03000000:NameValue):UserIdentifier   = 'ezone       ' (CHARACTER)
    (0x03000000:NameValue):AccountingToken  = X'160105150000006d023f074b7c95cfc697b436e903000000000000000000000b' (BLOB)
    (0x03000000:NameValue):ApplIdentityData = '                                ' (CHARACTER)
    (0x03000000:NameValue):PutApplType      = 11 (INTEGER)
    (0x03000000:NameValue):PutApplName      = 'b softwares\ih03\rfhutil.exe' (CHARACTER)
    (0x03000000:NameValue):PutDate          = DATE '2018-07-18' (DATE)
    (0x03000000:NameValue):PutTime          = GMTTIME '14:31:06.350' (GMTTIME)
    (0x03000000:NameValue):ApplOriginData   = '    ' (CHARACTER)
    (0x03000000:NameValue):GroupId          = X'000000000000000000000000000000000000000000000000' (BLOB)
    (0x03000000:NameValue):MsgSeqNumber     = 1 (INTEGER)
    (0x03000000:NameValue):Offset           = 0 (INTEGER)
    (0x03000000:NameValue):MsgFlags         = 0 (INTEGER)
    (0x03000000:NameValue):OriginalLength   = -1 (INTEGER)
  )
  (0x01000000:Folder):XMLNSC     = ( ['xmlnsc' : 0x14b488d8470]
    (0x01000000:Folder):customer = (
      (0x03000000:PCDataField):tag1            = 'personal' (CHARACTER)
      (0x03000000:PCDataField):tag2            = 'address' (CHARACTER)
      (0x03000000:PCDataField):tag3            = 'company' (CHARACTER)
      (0x01000000:Folder     ):personaldetails = (
        (0x03000000:PCDataField):firstname = 'upender' (CHARACTER)
        (0x03000000:PCDataField):lastname  = 'tadewar' (CHARACTER)
      )
      (0x01000000:Folder     ):addressdetails  = (
        (0x03000000:PCDataField):area  = 'hinjewadi' (CHARACTER)
        (0x03000000:PCDataField):city  = 'pune' (CHARACTER)
        (0x03000000:PCDataField):state = 'maharastra' (CHARACTER)
      )
      (0x01000000:Folder     ):comanydetails   = (
        (0x03000000:PCDataField):comanyname = 'cognizant' (CHARACTER)
        (0x03000000:PCDataField):city       = 'pune' (CHARACTER)
        (0x03000000:PCDataField):state      = 'maharastra' (CHARACTER)
      )
    )
  )
)
LocalEnvironment:  
ExceptionList:  ( ['MQROOT' : 0x14b48b66380]
  (0x01000000:Name):RecoverableException = (
    (0x03000000:NameValue):File     = 'F:\build\S1000_slot1\S1000_P\src\DataFlowEngine\AggregateNodes\lib\ImbAggregateReplyNode.cpp' (CHARACTER)
    (0x03000000:NameValue):Line     = 1434 (INTEGER)
    (0x03000000:NameValue):Function = 'ImbAggregateReplyNode::findRequest' (CHARACTER)
    (0x03000000:NameValue):Type     = 'ComIbmAggregateReplyNode' (CHARACTER)
    (0x03000000:NameValue):Name     = 'FAN_IN_MF#FCMComposite_1_6' (CHARACTER)
    (0x03000000:NameValue):Label    = 'FAN_IN_MF.Aggregate Reply' (CHARACTER)
    (0x03000000:NameValue):Catalog  = 'BIPmsgs' (CHARACTER)
    (0x03000000:NameValue):Severity = 3 (INTEGER)
    (0x03000000:NameValue):Number   = 4435 (INTEGER)
    (0x03000000:NameValue):Text     = 'invalid replyId on reply message' (CHARACTER)
    (0x01000000:Name     ):Insert   = (
      (0x03000000:NameValue):Type = 5 (INTEGER)
      (0x03000000:NameValue):Text = '000000000000000000000000000000000000000000000000' (CHARACTER)
    )
  )
)
Root:   ( ['MQROOT' : 0x14b48b66050]
  (0x01000000:Name  ):Properties = ( ['MQPROPERTYPARSER' : 0x14b48c94f30]
    (0x03000000:NameValue):MessageSet             = '' (CHARACTER)
    (0x03000000:NameValue):MessageType            = '' (CHARACTER)
    (0x03000000:NameValue):MessageFormat          = '' (CHARACTER)
    (0x03000000:NameValue):Encoding               = 546 (INTEGER)
    (0x03000000:NameValue):CodedCharSetId         = 437 (INTEGER)
    (0x03000000:NameValue):Transactional          = TRUE (BOOLEAN)
    (0x03000000:NameValue):Persistence            = FALSE (BOOLEAN)
    (0x03000000:NameValue):CreationTime           = GMTTIMESTAMP '2018-07-18 14:31:06.350' (GMTTIMESTAMP)
    (0x03000000:NameValue):ExpirationTime         = -1 (INTEGER)
    (0x03000000:NameValue):Priority               = 0 (INTEGER)
    (0x03000000:NameValue):ReplyIdentifier        = X'000000000000000000000000000000000000000000000000' (BLOB)
    (0x03000000:NameValue):ReplyProtocol          = 'MQ' (CHARACTER)
    (0x03000000:NameValue):Topic                  = NULL
    (0x03000000:NameValue):ContentType            = '' (CHARACTER)
    (0x03000000:NameValue):IdentitySourceType     = '' (CHARACTER)
    (0x03000000:NameValue):IdentitySourceToken    = '' (CHARACTER)
    (0x03000000:NameValue):IdentitySourcePassword = '' (CHARACTER)
    (0x03000000:NameValue):IdentitySourceIssuedBy = '' (CHARACTER)
    (0x03000000:NameValue):IdentityMappedType     = '' (CHARACTER)
    (0x03000000:NameValue):IdentityMappedToken    = '' (CHARACTER)
    (0x03000000:NameValue):IdentityMappedPassword = '' (CHARACTER)
    (0x03000000:NameValue):IdentityMappedIssuedBy = '' (CHARACTER)
  )
  (0x01000000:Name  ):MQMD       = ( ['MQHMD' : 0x14b423c1cc0]
    (0x03000000:NameValue):SourceQueue      = 'Customer.out' (CHARACTER)
    (0x03000000:NameValue):Transactional    = TRUE (BOOLEAN)
    (0x03000000:NameValue):Encoding         = 546 (INTEGER)
    (0x03000000:NameValue):CodedCharSetId   = 437 (INTEGER)
    (0x03000000:NameValue):Format           = '        ' (CHARACTER)
    (0x03000000:NameValue):Version          = 2 (INTEGER)
    (0x03000000:NameValue):Report           = 0 (INTEGER)
    (0x03000000:NameValue):MsgType          = 8 (INTEGER)
    (0x03000000:NameValue):Expiry           = -1 (INTEGER)
    (0x03000000:NameValue):Feedback         = 0 (INTEGER)
    (0x03000000:NameValue):Priority         = 0 (INTEGER)
    (0x03000000:NameValue):Persistence      = 0 (INTEGER)
    (0x03000000:NameValue):MsgId            = X'414d5120544553545f514d2020202020c83a4e5b23181d2b' (BLOB)
    (0x03000000:NameValue):CorrelId         = X'000000000000000000000000000000000000000000000000' (BLOB)
    (0x03000000:NameValue):BackoutCount     = 0 (INTEGER)
    (0x03000000:NameValue):ReplyToQ         = '                                                ' (CHARACTER)
    (0x03000000:NameValue):ReplyToQMgr      = 'TEST_QM                                         ' (CHARACTER)
    (0x03000000:NameValue):UserIdentifier   = 'ezone       ' (CHARACTER)
    (0x03000000:NameValue):AccountingToken  = X'160105150000006d023f074b7c95cfc697b436e903000000000000000000000b' (BLOB)
    (0x03000000:NameValue):ApplIdentityData = '                                ' (CHARACTER)
    (0x03000000:NameValue):PutApplType      = 11 (INTEGER)
    (0x03000000:NameValue):PutApplName      = 'b softwares\ih03\rfhutil.exe' (CHARACTER)
    (0x03000000:NameValue):PutDate          = DATE '2018-07-18' (DATE)
    (0x03000000:NameValue):PutTime          = GMTTIME '14:31:06.350' (GMTTIME)
    (0x03000000:NameValue):ApplOriginData   = '    ' (CHARACTER)
    (0x03000000:NameValue):GroupId          = X'000000000000000000000000000000000000000000000000' (BLOB)
    (0x03000000:NameValue):MsgSeqNumber     = 1 (INTEGER)
    (0x03000000:NameValue):Offset           = 0 (INTEGER)
    (0x03000000:NameValue):MsgFlags         = 0 (INTEGER)
    (0x03000000:NameValue):OriginalLength   = -1 (INTEGER)
  )
  (0x01000000:Folder):XMLNSC     = ( ['xmlnsc' : 0x14b488d8470]
    (0x01000000:Folder):customer = (
      (0x03000000:PCDataField):tag1            = 'personal' (CHARACTER)
      (0x03000000:PCDataField):tag2            = 'address' (CHARACTER)
      (0x03000000:PCDataField):tag3            = 'company' (CHARACTER)
      (0x01000000:Folder     ):personaldetails = (
        (0x03000000:PCDataField):firstname = 'upender' (CHARACTER)
        (0x03000000:PCDataField):lastname  = 'tadewar' (CHARACTER)
      )
      (0x01000000:Folder     ):addressdetails  = (
        (0x03000000:PCDataField):area  = 'hinjewadi' (CHARACTER)
        (0x03000000:PCDataField):city  = 'pune' (CHARACTER)
        (0x03000000:PCDataField):state = 'maharastra' (CHARACTER)
      )
      (0x01000000:Folder     ):comanydetails   = (
        (0x03000000:PCDataField):comanyname = 'cognizant' (CHARACTER)
        (0x03000000:PCDataField):city       = 'pune' (CHARACTER)
        (0x03000000:PCDataField):state      = 'maharastra' (CHARACTER)
      )
    )
  )
)
LocalEnvironment:  
ExceptionList:  ( ['MQROOT' : 0x14b48b66380]
  (0x01000000:Name):RecoverableException = (
    (0x03000000:NameValue):File     = 'F:\build\S1000_slot1\S1000_P\src\DataFlowEngine\AggregateNodes\lib\ImbAggregateReplyNode.cpp' (CHARACTER)
    (0x03000000:NameValue):Line     = 1434 (INTEGER)
    (0x03000000:NameValue):Function = 'ImbAggregateReplyNode::findRequest' (CHARACTER)
    (0x03000000:NameValue):Type     = 'ComIbmAggregateReplyNode' (CHARACTER)
    (0x03000000:NameValue):Name     = 'FAN_IN_MF#FCMComposite_1_6' (CHARACTER)
    (0x03000000:NameValue):Label    = 'FAN_IN_MF.Aggregate Reply' (CHARACTER)
    (0x03000000:NameValue):Catalog  = 'BIPmsgs' (CHARACTER)
    (0x03000000:NameValue):Severity = 3 (INTEGER)
    (0x03000000:NameValue):Number   = 4435 (INTEGER)
    (0x03000000:NameValue):Text     = 'invalid replyId on reply message' (CHARACTER)
    (0x01000000:Name     ):Insert   = (
      (0x03000000:NameValue):Type = 5 (INTEGER)
      (0x03000000:NameValue):Text = '000000000000000000000000000000000000000000000000' (CHARACTER)
    )
  )
)
Root:   ( ['MQROOT' : 0x14b48b66050]
  (0x01000000:Name  ):Properties = ( ['MQPROPERTYPARSER' : 0x14b48c94f30]
    (0x03000000:NameValue):MessageSet             = '' (CHARACTER)
    (0x03000000:NameValue):MessageType            = '' (CHARACTER)
    (0x03000000:NameValue):MessageFormat          = '' (CHARACTER)
    (0x03000000:NameValue):Encoding               = 546 (INTEGER)
    (0x03000000:NameValue):CodedCharSetId         = 437 (INTEGER)
    (0x03000000:NameValue):Transactional          = TRUE (BOOLEAN)
    (0x03000000:NameValue):Persistence            = FALSE (BOOLEAN)
    (0x03000000:NameValue):CreationTime           = GMTTIMESTAMP '2018-07-18 14:31:06.350' (GMTTIMESTAMP)
    (0x03000000:NameValue):ExpirationTime         = -1 (INTEGER)
    (0x03000000:NameValue):Priority               = 0 (INTEGER)
    (0x03000000:NameValue):ReplyIdentifier        = X'000000000000000000000000000000000000000000000000' (BLOB)
    (0x03000000:NameValue):ReplyProtocol          = 'MQ' (CHARACTER)
    (0x03000000:NameValue):Topic                  = NULL
    (0x03000000:NameValue):ContentType            = '' (CHARACTER)
    (0x03000000:NameValue):IdentitySourceType     = '' (CHARACTER)
    (0x03000000:NameValue):IdentitySourceToken    = '' (CHARACTER)
    (0x03000000:NameValue):IdentitySourcePassword = '' (CHARACTER)
    (0x03000000:NameValue):IdentitySourceIssuedBy = '' (CHARACTER)
    (0x03000000:NameValue):IdentityMappedType     = '' (CHARACTER)
    (0x03000000:NameValue):IdentityMappedToken    = '' (CHARACTER)
    (0x03000000:NameValue):IdentityMappedPassword = '' (CHARACTER)
    (0x03000000:NameValue):IdentityMappedIssuedBy = '' (CHARACTER)
  )
  (0x01000000:Name  ):MQMD       = ( ['MQHMD' : 0x14b423c1cc0]
    (0x03000000:NameValue):SourceQueue      = 'Customer.out' (CHARACTER)
    (0x03000000:NameValue):Transactional    = TRUE (BOOLEAN)
    (0x03000000:NameValue):Encoding         = 546 (INTEGER)
    (0x03000000:NameValue):CodedCharSetId   = 437 (INTEGER)
    (0x03000000:NameValue):Format           = '        ' (CHARACTER)
    (0x03000000:NameValue):Version          = 2 (INTEGER)
    (0x03000000:NameValue):Report           = 0 (INTEGER)
    (0x03000000:NameValue):MsgType          = 8 (INTEGER)
    (0x03000000:NameValue):Expiry           = -1 (INTEGER)
    (0x03000000:NameValue):Feedback         = 0 (INTEGER)
    (0x03000000:NameValue):Priority         = 0 (INTEGER)
    (0x03000000:NameValue):Persistence      = 0 (INTEGER)
    (0x03000000:NameValue):MsgId            = X'414d5120544553545f514d2020202020c83a4e5b23181d2c' (BLOB)
    (0x03000000:NameValue):CorrelId         = X'000000000000000000000000000000000000000000000000' (BLOB)
    (0x03000000:NameValue):BackoutCount     = 0 (INTEGER)
    (0x03000000:NameValue):ReplyToQ         = '                                                ' (CHARACTER)
    (0x03000000:NameValue):ReplyToQMgr      = 'TEST_QM                                         ' (CHARACTER)
    (0x03000000:NameValue):UserIdentifier   = 'ezone       ' (CHARACTER)
    (0x03000000:NameValue):AccountingToken  = X'160105150000006d023f074b7c95cfc697b436e903000000000000000000000b' (BLOB)
    (0x03000000:NameValue):ApplIdentityData = '                                ' (CHARACTER)
    (0x03000000:NameValue):PutApplType      = 11 (INTEGER)
    (0x03000000:NameValue):PutApplName      = 'b softwares\ih03\rfhutil.exe' (CHARACTER)
    (0x03000000:NameValue):PutDate          = DATE '2018-07-18' (DATE)
    (0x03000000:NameValue):PutTime          = GMTTIME '14:31:06.350' (GMTTIME)
    (0x03000000:NameValue):ApplOriginData   = '    ' (CHARACTER)
    (0x03000000:NameValue):GroupId          = X'000000000000000000000000000000000000000000000000' (BLOB)
    (0x03000000:NameValue):MsgSeqNumber     = 1 (INTEGER)
    (0x03000000:NameValue):Offset           = 0 (INTEGER)
    (0x03000000:NameValue):MsgFlags         = 0 (INTEGER)
    (0x03000000:NameValue):OriginalLength   = -1 (INTEGER)
  )
  (0x01000000:Folder):XMLNSC     = ( ['xmlnsc' : 0x14b488d8470]
    (0x01000000:Folder):customer = (
      (0x03000000:PCDataField):tag1            = 'personal' (CHARACTER)
      (0x03000000:PCDataField):tag2            = 'address' (CHARACTER)
      (0x03000000:PCDataField):tag3            = 'company' (CHARACTER)
      (0x01000000:Folder     ):personaldetails = (
        (0x03000000:PCDataField):firstname = 'upender' (CHARACTER)
        (0x03000000:PCDataField):lastname  = 'tadewar' (CHARACTER)
      )
      (0x01000000:Folder     ):addressdetails  = (
        (0x03000000:PCDataField):area  = 'hinjewadi' (CHARACTER)
        (0x03000000:PCDataField):city  = 'pune' (CHARACTER)
        (0x03000000:PCDataField):state = 'maharastra' (CHARACTER)
      )
      (0x01000000:Folder     ):comanydetails   = (
        (0x03000000:PCDataField):comanyname = 'cognizant' (CHARACTER)
        (0x03000000:PCDataField):city       = 'pune' (CHARACTER)
        (0x03000000:PCDataField):state      = 'maharastra' (CHARACTER)
      )
    )
  )
)
LocalEnvironment:  
ExceptionList:  ( ['MQROOT' : 0x14b48b66380]
  (0x01000000:Name):RecoverableException = (
    (0x03000000:NameValue):File     = 'F:\build\S1000_slot1\S1000_P\src\DataFlowEngine\AggregateNodes\lib\ImbAggregateReplyNode.cpp' (CHARACTER)
    (0x03000000:NameValue):Line     = 1434 (INTEGER)
    (0x03000000:NameValue):Function = 'ImbAggregateReplyNode::findRequest' (CHARACTER)
    (0x03000000:NameValue):Type     = 'ComIbmAggregateReplyNode' (CHARACTER)
    (0x03000000:NameValue):Name     = 'FAN_IN_MF#FCMComposite_1_6' (CHARACTER)
    (0x03000000:NameValue):Label    = 'FAN_IN_MF.Aggregate Reply' (CHARACTER)
    (0x03000000:NameValue):Catalog  = 'BIPmsgs' (CHARACTER)
    (0x03000000:NameValue):Severity = 3 (INTEGER)
    (0x03000000:NameValue):Number   = 4435 (INTEGER)
    (0x03000000:NameValue):Text     = 'invalid replyId on reply message' (CHARACTER)
    (0x01000000:Name     ):Insert   = (
      (0x03000000:NameValue):Type = 5 (INTEGER)
      (0x03000000:NameValue):Text = '000000000000000000000000000000000000000000000000' (CHARACTER)
    )
  )
)
Root:   ( ['MQROOT' : 0x14b48b66050]
  (0x01000000:Name  ):Properties = ( ['MQPROPERTYPARSER' : 0x14b48c94f30]
    (0x03000000:NameValue):MessageSet             = '' (CHARACTER)
    (0x03000000:NameValue):MessageType            = '' (CHARACTER)
    (0x03000000:NameValue):MessageFormat          = '' (CHARACTER)
    (0x03000000:NameValue):Encoding               = 546 (INTEGER)
    (0x03000000:NameValue):CodedCharSetId         = 437 (INTEGER)
    (0x03000000:NameValue):Transactional          = TRUE (BOOLEAN)
    (0x03000000:NameValue):Persistence            = FALSE (BOOLEAN)
    (0x03000000:NameValue):CreationTime           = GMTTIMESTAMP '2018-07-18 14:33:02.170' (GMTTIMESTAMP)
    (0x03000000:NameValue):ExpirationTime         = -1 (INTEGER)
    (0x03000000:NameValue):Priority               = 0 (INTEGER)
    (0x03000000:NameValue):ReplyIdentifier        = X'000000000000000000000000000000000000000000000000' (BLOB)
    (0x03000000:NameValue):ReplyProtocol          = 'MQ' (CHARACTER)
    (0x03000000:NameValue):Topic                  = NULL
    (0x03000000:NameValue):ContentType            = '' (CHARACTER)
    (0x03000000:NameValue):IdentitySourceType     = '' (CHARACTER)
    (0x03000000:NameValue):IdentitySourceToken    = '' (CHARACTER)
    (0x03000000:NameValue):IdentitySourcePassword = '' (CHARACTER)
    (0x03000000:NameValue):IdentitySourceIssuedBy = '' (CHARACTER)
    (0x03000000:NameValue):IdentityMappedType     = '' (CHARACTER)
    (0x03000000:NameValue):IdentityMappedToken    = '' (CHARACTER)
    (0x03000000:NameValue):IdentityMappedPassword = '' (CHARACTER)
    (0x03000000:NameValue):IdentityMappedIssuedBy = '' (CHARACTER)
  )
  (0x01000000:Name  ):MQMD       = ( ['MQHMD' : 0x14b423c1cc0]
    (0x03000000:NameValue):SourceQueue      = 'Customer.out' (CHARACTER)
    (0x03000000:NameValue):Transactional    = TRUE (BOOLEAN)
    (0x03000000:NameValue):Encoding         = 546 (INTEGER)
    (0x03000000:NameValue):CodedCharSetId   = 437 (INTEGER)
    (0x03000000:NameValue):Format           = '        ' (CHARACTER)
    (0x03000000:NameValue):Version          = 2 (INTEGER)
    (0x03000000:NameValue):Report           = 0 (INTEGER)
    (0x03000000:NameValue):MsgType          = 8 (INTEGER)
    (0x03000000:NameValue):Expiry           = -1 (INTEGER)
    (0x03000000:NameValue):Feedback         = 0 (INTEGER)
    (0x03000000:NameValue):Priority         = 0 (INTEGER)
    (0x03000000:NameValue):Persistence      = 0 (INTEGER)
    (0x03000000:NameValue):MsgId            = X'414d5120544553545f514d2020202020c83a4e5b23181d31' (BLOB)
    (0x03000000:NameValue):CorrelId         = X'000000000000000000000000000000000000000000000000' (BLOB)
    (0x03000000:NameValue):BackoutCount     = 0 (INTEGER)
    (0x03000000:NameValue):ReplyToQ         = '                                                ' (CHARACTER)
    (0x03000000:NameValue):ReplyToQMgr      = 'TEST_QM                                         ' (CHARACTER)
    (0x03000000:NameValue):UserIdentifier   = 'ezone       ' (CHARACTER)
    (0x03000000:NameValue):AccountingToken  = X'160105150000006d023f074b7c95cfc697b436e903000000000000000000000b' (BLOB)
    (0x03000000:NameValue):ApplIdentityData = '                                ' (CHARACTER)
    (0x03000000:NameValue):PutApplType      = 11 (INTEGER)
    (0x03000000:NameValue):PutApplName      = 'b softwares\ih03\rfhutil.exe' (CHARACTER)
    (0x03000000:NameValue):PutDate          = DATE '2018-07-18' (DATE)
    (0x03000000:NameValue):PutTime          = GMTTIME '14:33:02.170' (GMTTIME)
    (0x03000000:NameValue):ApplOriginData   = '    ' (CHARACTER)
    (0x03000000:NameValue):GroupId          = X'000000000000000000000000000000000000000000000000' (BLOB)
    (0x03000000:NameValue):MsgSeqNumber     = 1 (INTEGER)
    (0x03000000:NameValue):Offset           = 0 (INTEGER)
    (0x03000000:NameValue):MsgFlags         = 0 (INTEGER)
    (0x03000000:NameValue):OriginalLength   = -1 (INTEGER)
  )
  (0x01000000:Folder):XMLNSC     = ( ['xmlnsc' : 0x14b488d8470]
    (0x01000000:Folder):customer = (
      (0x03000000:PCDataField):tag1            = 'personal' (CHARACTER)
      (0x03000000:PCDataField):tag2            = 'address' (CHARACTER)
      (0x03000000:PCDataField):tag3            = 'company' (CHARACTER)
      (0x01000000:Folder     ):personaldetails = (
        (0x03000000:PCDataField):firstname = 'upender' (CHARACTER)
        (0x03000000:PCDataField):lastname  = 'tadewar' (CHARACTER)
      )
      (0x01000000:Folder     ):addressdetails  = (
        (0x03000000:PCDataField):area  = 'hinjewadi' (CHARACTER)
        (0x03000000:PCDataField):city  = 'pune' (CHARACTER)
        (0x03000000:PCDataField):state = 'maharastra' (CHARACTER)
      )
      (0x01000000:Folder     ):comanydetails   = (
        (0x03000000:PCDataField):comanyname = 'cognizant' (CHARACTER)
        (0x03000000:PCDataField):city       = 'pune' (CHARACTER)
        (0x03000000:PCDataField):state      = 'maharastra' (CHARACTER)
      )
    )
  )
)
LocalEnvironment:  
ExceptionList:  ( ['MQROOT' : 0x14b48b65390]
  (0x01000000:Name):RecoverableException = (
    (0x03000000:NameValue):File     = 'F:\build\S1000_slot1\S1000_P\src\DataFlowEngine\AggregateNodes\lib\ImbAggregateReplyNode.cpp' (CHARACTER)
    (0x03000000:NameValue):Line     = 1434 (INTEGER)
    (0x03000000:NameValue):Function = 'ImbAggregateReplyNode::findRequest' (CHARACTER)
    (0x03000000:NameValue):Type     = 'ComIbmAggregateReplyNode' (CHARACTER)
    (0x03000000:NameValue):Name     = 'FAN_IN_MF#FCMComposite_1_6' (CHARACTER)
    (0x03000000:NameValue):Label    = 'FAN_IN_MF.Aggregate Reply' (CHARACTER)
    (0x03000000:NameValue):Catalog  = 'BIPmsgs' (CHARACTER)
    (0x03000000:NameValue):Severity = 3 (INTEGER)
    (0x03000000:NameValue):Number   = 4435 (INTEGER)
    (0x03000000:NameValue):Text     = 'invalid replyId on reply message' (CHARACTER)
    (0x01000000:Name     ):Insert   = (
      (0x03000000:NameValue):Type = 5 (INTEGER)
      (0x03000000:NameValue):Text = '000000000000000000000000000000000000000000000000' (CHARACTER)
    )
  )
)
Root:   ( ['MQROOT' : 0x14b48b66050]
  (0x01000000:Name  ):Properties = ( ['MQPROPERTYPARSER' : 0x14b48c94f30]
    (0x03000000:NameValue):MessageSet             = '' (CHARACTER)
    (0x03000000:NameValue):MessageType            = '' (CHARACTER)
    (0x03000000:NameValue):MessageFormat          = '' (CHARACTER)
    (0x03000000:NameValue):Encoding               = 546 (INTEGER)
    (0x03000000:NameValue):CodedCharSetId         = 437 (INTEGER)
    (0x03000000:NameValue):Transactional          = TRUE (BOOLEAN)
    (0x03000000:NameValue):Persistence            = FALSE (BOOLEAN)
    (0x03000000:NameValue):CreationTime           = GMTTIMESTAMP '2018-07-18 14:33:02.170' (GMTTIMESTAMP)
    (0x03000000:NameValue):ExpirationTime         = -1 (INTEGER)
    (0x03000000:NameValue):Priority               = 0 (INTEGER)
    (0x03000000:NameValue):ReplyIdentifier        = X'000000000000000000000000000000000000000000000000' (BLOB)
    (0x03000000:NameValue):ReplyProtocol          = 'MQ' (CHARACTER)
    (0x03000000:NameValue):Topic                  = NULL
    (0x03000000:NameValue):ContentType            = '' (CHARACTER)
    (0x03000000:NameValue):IdentitySourceType     = '' (CHARACTER)
    (0x03000000:NameValue):IdentitySourceToken    = '' (CHARACTER)
    (0x03000000:NameValue):IdentitySourcePassword = '' (CHARACTER)
    (0x03000000:NameValue):IdentitySourceIssuedBy = '' (CHARACTER)
    (0x03000000:NameValue):IdentityMappedType     = '' (CHARACTER)
    (0x03000000:NameValue):IdentityMappedToken    = '' (CHARACTER)
    (0x03000000:NameValue):IdentityMappedPassword = '' (CHARACTER)
    (0x03000000:NameValue):IdentityMappedIssuedBy = '' (CHARACTER)
  )
  (0x01000000:Name  ):MQMD       = ( ['MQHMD' : 0x14b423c1cc0]
    (0x03000000:NameValue):SourceQueue      = 'Customer.out' (CHARACTER)
    (0x03000000:NameValue):Transactional    = TRUE (BOOLEAN)
    (0x03000000:NameValue):Encoding         = 546 (INTEGER)
    (0x03000000:NameValue):CodedCharSetId   = 437 (INTEGER)
    (0x03000000:NameValue):Format           = '        ' (CHARACTER)
    (0x03000000:NameValue):Version          = 2 (INTEGER)
    (0x03000000:NameValue):Report           = 0 (INTEGER)
    (0x03000000:NameValue):MsgType          = 8 (INTEGER)
    (0x03000000:NameValue):Expiry           = -1 (INTEGER)
    (0x03000000:NameValue):Feedback         = 0 (INTEGER)
    (0x03000000:NameValue):Priority         = 0 (INTEGER)
    (0x03000000:NameValue):Persistence      = 0 (INTEGER)
    (0x03000000:NameValue):MsgId            = X'414d5120544553545f514d2020202020c83a4e5b23181d32' (BLOB)
    (0x03000000:NameValue):CorrelId         = X'000000000000000000000000000000000000000000000000' (BLOB)
    (0x03000000:NameValue):BackoutCount     = 0 (INTEGER)
    (0x03000000:NameValue):ReplyToQ         = '                                                ' (CHARACTER)
    (0x03000000:NameValue):ReplyToQMgr      = 'TEST_QM                                         ' (CHARACTER)
    (0x03000000:NameValue):UserIdentifier   = 'ezone       ' (CHARACTER)
    (0x03000000:NameValue):AccountingToken  = X'160105150000006d023f074b7c95cfc697b436e903000000000000000000000b' (BLOB)
    (0x03000000:NameValue):ApplIdentityData = '                                ' (CHARACTER)
    (0x03000000:NameValue):PutApplType      = 11 (INTEGER)
    (0x03000000:NameValue):PutApplName      = 'b softwares\ih03\rfhutil.exe' (CHARACTER)
    (0x03000000:NameValue):PutDate          = DATE '2018-07-18' (DATE)
    (0x03000000:NameValue):PutTime          = GMTTIME '14:33:02.170' (GMTTIME)
    (0x03000000:NameValue):ApplOriginData   = '    ' (CHARACTER)
    (0x03000000:NameValue):GroupId          = X'000000000000000000000000000000000000000000000000' (BLOB)
    (0x03000000:NameValue):MsgSeqNumber     = 1 (INTEGER)
    (0x03000000:NameValue):Offset           = 0 (INTEGER)
    (0x03000000:NameValue):MsgFlags         = 0 (INTEGER)
    (0x03000000:NameValue):OriginalLength   = -1 (INTEGER)
  )
  (0x01000000:Folder):XMLNSC     = ( ['xmlnsc' : 0x14b488d8470]
    (0x01000000:Folder):customer = (
      (0x03000000:PCDataField):tag1            = 'personal' (CHARACTER)
      (0x03000000:PCDataField):tag2            = 'address' (CHARACTER)
      (0x03000000:PCDataField):tag3            = 'company' (CHARACTER)
      (0x01000000:Folder     ):personaldetails = (
        (0x03000000:PCDataField):firstname = 'upender' (CHARACTER)
        (0x03000000:PCDataField):lastname  = 'tadewar' (CHARACTER)
      )
      (0x01000000:Folder     ):addressdetails  = (
        (0x03000000:PCDataField):area  = 'hinjewadi' (CHARACTER)
        (0x03000000:PCDataField):city  = 'pune' (CHARACTER)
        (0x03000000:PCDataField):state = 'maharastra' (CHARACTER)
      )
      (0x01000000:Folder     ):comanydetails   = (
        (0x03000000:PCDataField):comanyname = 'cognizant' (CHARACTER)
        (0x03000000:PCDataField):city       = 'pune' (CHARACTER)
        (0x03000000:PCDataField):state      = 'maharastra' (CHARACTER)
      )
    )
  )
)
LocalEnvironment:  
ExceptionList:  ( ['MQROOT' : 0x14b48b65390]
  (0x01000000:Name):RecoverableException = (
    (0x03000000:NameValue):File     = 'F:\build\S1000_slot1\S1000_P\src\DataFlowEngine\AggregateNodes\lib\ImbAggregateReplyNode.cpp' (CHARACTER)
    (0x03000000:NameValue):Line     = 1434 (INTEGER)
    (0x03000000:NameValue):Function = 'ImbAggregateReplyNode::findRequest' (CHARACTER)
    (0x03000000:NameValue):Type     = 'ComIbmAggregateReplyNode' (CHARACTER)
    (0x03000000:NameValue):Name     = 'FAN_IN_MF#FCMComposite_1_6' (CHARACTER)
    (0x03000000:NameValue):Label    = 'FAN_IN_MF.Aggregate Reply' (CHARACTER)
    (0x03000000:NameValue):Catalog  = 'BIPmsgs' (CHARACTER)
    (0x03000000:NameValue):Severity = 3 (INTEGER)
    (0x03000000:NameValue):Number   = 4435 (INTEGER)
    (0x03000000:NameValue):Text     = 'invalid replyId on reply message' (CHARACTER)
    (0x01000000:Name     ):Insert   = (
      (0x03000000:NameValue):Type = 5 (INTEGER)
      (0x03000000:NameValue):Text = '000000000000000000000000000000000000000000000000' (CHARACTER)
    )
  )
)
Root:   ( ['MQROOT' : 0x14b48b66050]
  (0x01000000:Name  ):Properties = ( ['MQPROPERTYPARSER' : 0x14b48c94f30]
    (0x03000000:NameValue):MessageSet             = '' (CHARACTER)
    (0x03000000:NameValue):MessageType            = '' (CHARACTER)
    (0x03000000:NameValue):MessageFormat          = '' (CHARACTER)
    (0x03000000:NameValue):Encoding               = 546 (INTEGER)
    (0x03000000:NameValue):CodedCharSetId         = 437 (INTEGER)
    (0x03000000:NameValue):Transactional          = TRUE (BOOLEAN)
    (0x03000000:NameValue):Persistence            = FALSE (BOOLEAN)
    (0x03000000:NameValue):CreationTime           = GMTTIMESTAMP '2018-07-18 14:33:02.170' (GMTTIMESTAMP)
    (0x03000000:NameValue):ExpirationTime         = -1 (INTEGER)
    (0x03000000:NameValue):Priority               = 0 (INTEGER)
    (0x03000000:NameValue):ReplyIdentifier        = X'000000000000000000000000000000000000000000000000' (BLOB)
    (0x03000000:NameValue):ReplyProtocol          = 'MQ' (CHARACTER)
    (0x03000000:NameValue):Topic                  = NULL
    (0x03000000:NameValue):ContentType            = '' (CHARACTER)
    (0x03000000:NameValue):IdentitySourceType     = '' (CHARACTER)
    (0x03000000:NameValue):IdentitySourceToken    = '' (CHARACTER)
    (0x03000000:NameValue):IdentitySourcePassword = '' (CHARACTER)
    (0x03000000:NameValue):IdentitySourceIssuedBy = '' (CHARACTER)
    (0x03000000:NameValue):IdentityMappedType     = '' (CHARACTER)
    (0x03000000:NameValue):IdentityMappedToken    = '' (CHARACTER)
    (0x03000000:NameValue):IdentityMappedPassword = '' (CHARACTER)
    (0x03000000:NameValue):IdentityMappedIssuedBy = '' (CHARACTER)
  )
  (0x01000000:Name  ):MQMD       = ( ['MQHMD' : 0x14b423c1cc0]
    (0x03000000:NameValue):SourceQueue      = 'Customer.out' (CHARACTER)
    (0x03000000:NameValue):Transactional    = TRUE (BOOLEAN)
    (0x03000000:NameValue):Encoding         = 546 (INTEGER)
    (0x03000000:NameValue):CodedCharSetId   = 437 (INTEGER)
    (0x03000000:NameValue):Format           = '        ' (CHARACTER)
    (0x03000000:NameValue):Version          = 2 (INTEGER)
    (0x03000000:NameValue):Report           = 0 (INTEGER)
    (0x03000000:NameValue):MsgType          = 8 (INTEGER)
    (0x03000000:NameValue):Expiry           = -1 (INTEGER)
    (0x03000000:NameValue):Feedback         = 0 (INTEGER)
    (0x03000000:NameValue):Priority         = 0 (INTEGER)
    (0x03000000:NameValue):Persistence      = 0 (INTEGER)
    (0x03000000:NameValue):MsgId            = X'414d5120544553545f514d2020202020c83a4e5b23181d33' (BLOB)
    (0x03000000:NameValue):CorrelId         = X'000000000000000000000000000000000000000000000000' (BLOB)
    (0x03000000:NameValue):BackoutCount     = 0 (INTEGER)
    (0x03000000:NameValue):ReplyToQ         = '                                                ' (CHARACTER)
    (0x03000000:NameValue):ReplyToQMgr      = 'TEST_QM                                         ' (CHARACTER)
    (0x03000000:NameValue):UserIdentifier   = 'ezone       ' (CHARACTER)
    (0x03000000:NameValue):AccountingToken  = X'160105150000006d023f074b7c95cfc697b436e903000000000000000000000b' (BLOB)
    (0x03000000:NameValue):ApplIdentityData = '                                ' (CHARACTER)
    (0x03000000:NameValue):PutApplType      = 11 (INTEGER)
    (0x03000000:NameValue):PutApplName      = 'b softwares\ih03\rfhutil.exe' (CHARACTER)
    (0x03000000:NameValue):PutDate          = DATE '2018-07-18' (DATE)
    (0x03000000:NameValue):PutTime          = GMTTIME '14:33:02.170' (GMTTIME)
    (0x03000000:NameValue):ApplOriginData   = '    ' (CHARACTER)
    (0x03000000:NameValue):GroupId          = X'000000000000000000000000000000000000000000000000' (BLOB)
    (0x03000000:NameValue):MsgSeqNumber     = 1 (INTEGER)
    (0x03000000:NameValue):Offset           = 0 (INTEGER)
    (0x03000000:NameValue):MsgFlags         = 0 (INTEGER)
    (0x03000000:NameValue):OriginalLength   = -1 (INTEGER)
  )
  (0x01000000:Folder):XMLNSC     = ( ['xmlnsc' : 0x14b488d8470]
    (0x01000000:Folder):customer = (
      (0x03000000:PCDataField):tag1            = 'personal' (CHARACTER)
      (0x03000000:PCDataField):tag2            = 'address' (CHARACTER)
      (0x03000000:PCDataField):tag3            = 'company' (CHARACTER)
      (0x01000000:Folder     ):personaldetails = (
        (0x03000000:PCDataField):firstname = 'upender' (CHARACTER)
        (0x03000000:PCDataField):lastname  = 'tadewar' (CHARACTER)
      )
      (0x01000000:Folder     ):addressdetails  = (
        (0x03000000:PCDataField):area  = 'hinjewadi' (CHARACTER)
        (0x03000000:PCDataField):city  = 'pune' (CHARACTER)
        (0x03000000:PCDataField):state = 'maharastra' (CHARACTER)
      )
      (0x01000000:Folder     ):comanydetails   = (
        (0x03000000:PCDataField):comanyname = 'cognizant' (CHARACTER)
        (0x03000000:PCDataField):city       = 'pune' (CHARACTER)
        (0x03000000:PCDataField):state      = 'maharastra' (CHARACTER)
      )
    )
  )
)
LocalEnvironment:  
ExceptionList:  ( ['MQROOT' : 0x14b48b65390]
  (0x01000000:Name):RecoverableException = (
    (0x03000000:NameValue):File     = 'F:\build\S1000_slot1\S1000_P\src\DataFlowEngine\AggregateNodes\lib\ImbAggregateReplyNode.cpp' (CHARACTER)
    (0x03000000:NameValue):Line     = 1434 (INTEGER)
    (0x03000000:NameValue):Function = 'ImbAggregateReplyNode::findRequest' (CHARACTER)
    (0x03000000:NameValue):Type     = 'ComIbmAggregateReplyNode' (CHARACTER)
    (0x03000000:NameValue):Name     = 'FAN_IN_MF#FCMComposite_1_6' (CHARACTER)
    (0x03000000:NameValue):Label    = 'FAN_IN_MF.Aggregate Reply' (CHARACTER)
    (0x03000000:NameValue):Catalog  = 'BIPmsgs' (CHARACTER)
    (0x03000000:NameValue):Severity = 3 (INTEGER)
    (0x03000000:NameValue):Number   = 4435 (INTEGER)
    (0x03000000:NameValue):Text     = 'invalid replyId on reply message' (CHARACTER)
    (0x01000000:Name     ):Insert   = (
      (0x03000000:NameValue):Type = 5 (INTEGER)
      (0x03000000:NameValue):Text = '000000000000000000000000000000000000000000000000' (CHARACTER)
    )
  )
)
Root:   ( ['MQROOT' : 0x14b48b66050]
  (0x01000000:Name  ):Properties = ( ['MQPROPERTYPARSER' : 0x14b48c94f30]
    (0x03000000:NameValue):MessageSet             = '' (CHARACTER)
    (0x03000000:NameValue):MessageType            = '' (CHARACTER)
    (0x03000000:NameValue):MessageFormat          = '' (CHARACTER)
    (0x03000000:NameValue):Encoding               = 546 (INTEGER)
    (0x03000000:NameValue):CodedCharSetId         = 437 (INTEGER)
    (0x03000000:NameValue):Transactional          = TRUE (BOOLEAN)
    (0x03000000:NameValue):Persistence            = FALSE (BOOLEAN)
    (0x03000000:NameValue):CreationTime           = GMTTIMESTAMP '2018-07-18 14:37:43.930' (GMTTIMESTAMP)
    (0x03000000:NameValue):ExpirationTime         = -1 (INTEGER)
    (0x03000000:NameValue):Priority               = 0 (INTEGER)
    (0x03000000:NameValue):ReplyIdentifier        = X'000000000000000000000000000000000000000000000000' (BLOB)
    (0x03000000:NameValue):ReplyProtocol          = 'MQ' (CHARACTER)
    (0x03000000:NameValue):Topic                  = NULL
    (0x03000000:NameValue):ContentType            = '' (CHARACTER)
    (0x03000000:NameValue):IdentitySourceType     = '' (CHARACTER)
    (0x03000000:NameValue):IdentitySourceToken    = '' (CHARACTER)
    (0x03000000:NameValue):IdentitySourcePassword = '' (CHARACTER)
    (0x03000000:NameValue):IdentitySourceIssuedBy = '' (CHARACTER)
    (0x03000000:NameValue):IdentityMappedType     = '' (CHARACTER)
    (0x03000000:NameValue):IdentityMappedToken    = '' (CHARACTER)
    (0x03000000:NameValue):IdentityMappedPassword = '' (CHARACTER)
    (0x03000000:NameValue):IdentityMappedIssuedBy = '' (CHARACTER)
  )
  (0x01000000:Name  ):MQMD       = ( ['MQHMD' : 0x14b423c1cc0]
    (0x03000000:NameValue):SourceQueue      = 'Customer.out' (CHARACTER)
    (0x03000000:NameValue):Transactional    = TRUE (BOOLEAN)
    (0x03000000:NameValue):Encoding         = 546 (INTEGER)
    (0x03000000:NameValue):CodedCharSetId   = 437 (INTEGER)
    (0x03000000:NameValue):Format           = '        ' (CHARACTER)
    (0x03000000:NameValue):Version          = 2 (INTEGER)
    (0x03000000:NameValue):Report           = 0 (INTEGER)
    (0x03000000:NameValue):MsgType          = 8 (INTEGER)
    (0x03000000:NameValue):Expiry           = -1 (INTEGER)
    (0x03000000:NameValue):Feedback         = 0 (INTEGER)
    (0x03000000:NameValue):Priority         = 0 (INTEGER)
    (0x03000000:NameValue):Persistence      = 0 (INTEGER)
    (0x03000000:NameValue):MsgId            = X'414d5120544553545f514d2020202020c83a4e5b23181d38' (BLOB)
    (0x03000000:NameValue):CorrelId         = X'000000000000000000000000000000000000000000000000' (BLOB)
    (0x03000000:NameValue):BackoutCount     = 0 (INTEGER)
    (0x03000000:NameValue):ReplyToQ         = '                                                ' (CHARACTER)
    (0x03000000:NameValue):ReplyToQMgr      = 'TEST_QM                                         ' (CHARACTER)
    (0x03000000:NameValue):UserIdentifier   = 'ezone       ' (CHARACTER)
    (0x03000000:NameValue):AccountingToken  = X'160105150000006d023f074b7c95cfc697b436e903000000000000000000000b' (BLOB)
    (0x03000000:NameValue):ApplIdentityData = '                                ' (CHARACTER)
    (0x03000000:NameValue):PutApplType      = 11 (INTEGER)
    (0x03000000:NameValue):PutApplName      = 'b softwares\ih03\rfhutil.exe' (CHARACTER)
    (0x03000000:NameValue):PutDate          = DATE '2018-07-18' (DATE)
    (0x03000000:NameValue):PutTime          = GMTTIME '14:37:43.930' (GMTTIME)
    (0x03000000:NameValue):ApplOriginData   = '    ' (CHARACTER)
    (0x03000000:NameValue):GroupId          = X'000000000000000000000000000000000000000000000000' (BLOB)
    (0x03000000:NameValue):MsgSeqNumber     = 1 (INTEGER)
    (0x03000000:NameValue):Offset           = 0 (INTEGER)
    (0x03000000:NameValue):MsgFlags         = 0 (INTEGER)
    (0x03000000:NameValue):OriginalLength   = -1 (INTEGER)
  )
  (0x01000000:Folder):XMLNSC     = ( ['xmlnsc' : 0x14b488d8470]
    (0x01000000:Folder):customer = (
      (0x03000000:PCDataField):tag1            = 'personal' (CHARACTER)
      (0x03000000:PCDataField):tag2            = 'address' (CHARACTER)
      (0x03000000:PCDataField):tag3            = 'company' (CHARACTER)
      (0x01000000:Folder     ):personaldetails = (
        (0x03000000:PCDataField):firstname = 'upender' (CHARACTER)
        (0x03000000:PCDataField):lastname  = 'tadewar' (CHARACTER)
      )
      (0x01000000:Folder     ):addressdetails  = (
        (0x03000000:PCDataField):area  = 'hinjewadi' (CHARACTER)
        (0x03000000:PCDataField):city  = 'pune' (CHARACTER)
        (0x03000000:PCDataField):state = 'maharastra' (CHARACTER)
      )
      (0x01000000:Folder     ):comanydetails   = (
        (0x03000000:PCDataField):comanyname = 'cognizant' (CHARACTER)
        (0x03000000:PCDataField):city       = 'pune' (CHARACTER)
        (0x03000000:PCDataField):state      = 'maharastra' (CHARACTER)
      )
    )
  )
)
LocalEnvironment:  
ExceptionList:  ( ['MQROOT' : 0x14b48b66d10]
  (0x01000000:Name):RecoverableException = (
    (0x03000000:NameValue):File     = 'F:\build\S1000_slot1\S1000_P\src\DataFlowEngine\AggregateNodes\lib\ImbAggregateReplyNode.cpp' (CHARACTER)
    (0x03000000:NameValue):Line     = 1434 (INTEGER)
    (0x03000000:NameValue):Function = 'ImbAggregateReplyNode::findRequest' (CHARACTER)
    (0x03000000:NameValue):Type     = 'ComIbmAggregateReplyNode' (CHARACTER)
    (0x03000000:NameValue):Name     = 'FAN_IN_MF#FCMComposite_1_6' (CHARACTER)
    (0x03000000:NameValue):Label    = 'FAN_IN_MF.Aggregate Reply' (CHARACTER)
    (0x03000000:NameValue):Catalog  = 'BIPmsgs' (CHARACTER)
    (0x03000000:NameValue):Severity = 3 (INTEGER)
    (0x03000000:NameValue):Number   = 4435 (INTEGER)
    (0x03000000:NameValue):Text     = 'invalid replyId on reply message' (CHARACTER)
    (0x01000000:Name     ):Insert   = (
      (0x03000000:NameValue):Type = 5 (INTEGER)
      (0x03000000:NameValue):Text = '000000000000000000000000000000000000000000000000' (CHARACTER)
    )
  )
)
Root:   ( ['MQROOT' : 0x14b48b66050]
  (0x01000000:Name  ):Properties = ( ['MQPROPERTYPARSER' : 0x14b48c94f30]
    (0x03000000:NameValue):MessageSet             = '' (CHARACTER)
    (0x03000000:NameValue):MessageType            = '' (CHARACTER)
    (0x03000000:NameValue):MessageFormat          = '' (CHARACTER)
    (0x03000000:NameValue):Encoding               = 546 (INTEGER)
    (0x03000000:NameValue):CodedCharSetId         = 437 (INTEGER)
    (0x03000000:NameValue):Transactional          = TRUE (BOOLEAN)
    (0x03000000:NameValue):Persistence            = FALSE (BOOLEAN)
    (0x03000000:NameValue):CreationTime           = GMTTIMESTAMP '2018-07-18 14:37:43.930' (GMTTIMESTAMP)
    (0x03000000:NameValue):ExpirationTime         = -1 (INTEGER)
    (0x03000000:NameValue):Priority               = 0 (INTEGER)
    (0x03000000:NameValue):ReplyIdentifier        = X'000000000000000000000000000000000000000000000000' (BLOB)
    (0x03000000:NameValue):ReplyProtocol          = 'MQ' (CHARACTER)
    (0x03000000:NameValue):Topic                  = NULL
    (0x03000000:NameValue):ContentType            = '' (CHARACTER)
    (0x03000000:NameValue):IdentitySourceType     = '' (CHARACTER)
    (0x03000000:NameValue):IdentitySourceToken    = '' (CHARACTER)
    (0x03000000:NameValue):IdentitySourcePassword = '' (CHARACTER)
    (0x03000000:NameValue):IdentitySourceIssuedBy = '' (CHARACTER)
    (0x03000000:NameValue):IdentityMappedType     = '' (CHARACTER)
    (0x03000000:NameValue):IdentityMappedToken    = '' (CHARACTER)
    (0x03000000:NameValue):IdentityMappedPassword = '' (CHARACTER)
    (0x03000000:NameValue):IdentityMappedIssuedBy = '' (CHARACTER)
  )
  (0x01000000:Name  ):MQMD       = ( ['MQHMD' : 0x14b423c1cc0]
    (0x03000000:NameValue):SourceQueue      = 'Customer.out' (CHARACTER)
    (0x03000000:NameValue):Transactional    = TRUE (BOOLEAN)
    (0x03000000:NameValue):Encoding         = 546 (INTEGER)
    (0x03000000:NameValue):CodedCharSetId   = 437 (INTEGER)
    (0x03000000:NameValue):Format           = '        ' (CHARACTER)
    (0x03000000:NameValue):Version          = 2 (INTEGER)
    (0x03000000:NameValue):Report           = 0 (INTEGER)
    (0x03000000:NameValue):MsgType          = 8 (INTEGER)
    (0x03000000:NameValue):Expiry           = -1 (INTEGER)
    (0x03000000:NameValue):Feedback         = 0 (INTEGER)
    (0x03000000:NameValue):Priority         = 0 (INTEGER)
    (0x03000000:NameValue):Persistence      = 0 (INTEGER)
    (0x03000000:NameValue):MsgId            = X'414d5120544553545f514d2020202020c83a4e5b23181d39' (BLOB)
    (0x03000000:NameValue):CorrelId         = X'000000000000000000000000000000000000000000000000' (BLOB)
    (0x03000000:NameValue):BackoutCount     = 0 (INTEGER)
    (0x03000000:NameValue):ReplyToQ         = '                                                ' (CHARACTER)
    (0x03000000:NameValue):ReplyToQMgr      = 'TEST_QM                                         ' (CHARACTER)
    (0x03000000:NameValue):UserIdentifier   = 'ezone       ' (CHARACTER)
    (0x03000000:NameValue):AccountingToken  = X'160105150000006d023f074b7c95cfc697b436e903000000000000000000000b' (BLOB)
    (0x03000000:NameValue):ApplIdentityData = '                                ' (CHARACTER)
    (0x03000000:NameValue):PutApplType      = 11 (INTEGER)
    (0x03000000:NameValue):PutApplName      = 'b softwares\ih03\rfhutil.exe' (CHARACTER)
    (0x03000000:NameValue):PutDate          = DATE '2018-07-18' (DATE)
    (0x03000000:NameValue):PutTime          = GMTTIME '14:37:43.930' (GMTTIME)
    (0x03000000:NameValue):ApplOriginData   = '    ' (CHARACTER)
    (0x03000000:NameValue):GroupId          = X'000000000000000000000000000000000000000000000000' (BLOB)
    (0x03000000:NameValue):MsgSeqNumber     = 1 (INTEGER)
    (0x03000000:NameValue):Offset           = 0 (INTEGER)
    (0x03000000:NameValue):MsgFlags         = 0 (INTEGER)
    (0x03000000:NameValue):OriginalLength   = -1 (INTEGER)
  )
  (0x01000000:Folder):XMLNSC     = ( ['xmlnsc' : 0x14b488d8470]
    (0x01000000:Folder):customer = (
      (0x03000000:PCDataField):tag1            = 'personal' (CHARACTER)
      (0x03000000:PCDataField):tag2            = 'address' (CHARACTER)
      (0x03000000:PCDataField):tag3            = 'company' (CHARACTER)
      (0x01000000:Folder     ):personaldetails = (
        (0x03000000:PCDataField):firstname = 'upender' (CHARACTER)
        (0x03000000:PCDataField):lastname  = 'tadewar' (CHARACTER)
      )
      (0x01000000:Folder     ):addressdetails  = (
        (0x03000000:PCDataField):area  = 'hinjewadi' (CHARACTER)
        (0x03000000:PCDataField):city  = 'pune' (CHARACTER)
        (0x03000000:PCDataField):state = 'maharastra' (CHARACTER)
      )
      (0x01000000:Folder     ):comanydetails   = (
        (0x03000000:PCDataField):comanyname = 'cognizant' (CHARACTER)
        (0x03000000:PCDataField):city       = 'pune' (CHARACTER)
        (0x03000000:PCDataField):state      = 'maharastra' (CHARACTER)
      )
    )
  )
)
LocalEnvironment:  
ExceptionList:  ( ['MQROOT' : 0x14b48b66d10]
  (0x01000000:Name):RecoverableException = (
    (0x03000000:NameValue):File     = 'F:\build\S1000_slot1\S1000_P\src\DataFlowEngine\AggregateNodes\lib\ImbAggregateReplyNode.cpp' (CHARACTER)
    (0x03000000:NameValue):Line     = 1434 (INTEGER)
    (0x03000000:NameValue):Function = 'ImbAggregateReplyNode::findRequest' (CHARACTER)
    (0x03000000:NameValue):Type     = 'ComIbmAggregateReplyNode' (CHARACTER)
    (0x03000000:NameValue):Name     = 'FAN_IN_MF#FCMComposite_1_6' (CHARACTER)
    (0x03000000:NameValue):Label    = 'FAN_IN_MF.Aggregate Reply' (CHARACTER)
    (0x03000000:NameValue):Catalog  = 'BIPmsgs' (CHARACTER)
    (0x03000000:NameValue):Severity = 3 (INTEGER)
    (0x03000000:NameValue):Number   = 4435 (INTEGER)
    (0x03000000:NameValue):Text     = 'invalid replyId on reply message' (CHARACTER)
    (0x01000000:Name     ):Insert   = (
      (0x03000000:NameValue):Type = 5 (INTEGER)
      (0x03000000:NameValue):Text = '000000000000000000000000000000000000000000000000' (CHARACTER)
    )
  )
)
Root:   ( ['MQROOT' : 0x14b48b66050]
  (0x01000000:Name  ):Properties = ( ['MQPROPERTYPARSER' : 0x14b48c94f30]
    (0x03000000:NameValue):MessageSet             = '' (CHARACTER)
    (0x03000000:NameValue):MessageType            = '' (CHARACTER)
    (0x03000000:NameValue):MessageFormat          = '' (CHARACTER)
    (0x03000000:NameValue):Encoding               = 546 (INTEGER)
    (0x03000000:NameValue):CodedCharSetId         = 437 (INTEGER)
    (0x03000000:NameValue):Transactional          = TRUE (BOOLEAN)
    (0x03000000:NameValue):Persistence            = FALSE (BOOLEAN)
    (0x03000000:NameValue):CreationTime           = GMTTIMESTAMP '2018-07-18 14:37:43.930' (GMTTIMESTAMP)
    (0x03000000:NameValue):ExpirationTime         = -1 (INTEGER)
    (0x03000000:NameValue):Priority               = 0 (INTEGER)
    (0x03000000:NameValue):ReplyIdentifier        = X'000000000000000000000000000000000000000000000000' (BLOB)
    (0x03000000:NameValue):ReplyProtocol          = 'MQ' (CHARACTER)
    (0x03000000:NameValue):Topic                  = NULL
    (0x03000000:NameValue):ContentType            = '' (CHARACTER)
    (0x03000000:NameValue):IdentitySourceType     = '' (CHARACTER)
    (0x03000000:NameValue):IdentitySourceToken    = '' (CHARACTER)
    (0x03000000:NameValue):IdentitySourcePassword = '' (CHARACTER)
    (0x03000000:NameValue):IdentitySourceIssuedBy = '' (CHARACTER)
    (0x03000000:NameValue):IdentityMappedType     = '' (CHARACTER)
    (0x03000000:NameValue):IdentityMappedToken    = '' (CHARACTER)
    (0x03000000:NameValue):IdentityMappedPassword = '' (CHARACTER)
    (0x03000000:NameValue):IdentityMappedIssuedBy = '' (CHARACTER)
  )
  (0x01000000:Name  ):MQMD       = ( ['MQHMD' : 0x14b423c1cc0]
    (0x03000000:NameValue):SourceQueue      = 'Customer.out' (CHARACTER)
    (0x03000000:NameValue):Transactional    = TRUE (BOOLEAN)
    (0x03000000:NameValue):Encoding         = 546 (INTEGER)
    (0x03000000:NameValue):CodedCharSetId   = 437 (INTEGER)
    (0x03000000:NameValue):Format           = '        ' (CHARACTER)
    (0x03000000:NameValue):Version          = 2 (INTEGER)
    (0x03000000:NameValue):Report           = 0 (INTEGER)
    (0x03000000:NameValue):MsgType          = 8 (INTEGER)
    (0x03000000:NameValue):Expiry           = -1 (INTEGER)
    (0x03000000:NameValue):Feedback         = 0 (INTEGER)
    (0x03000000:NameValue):Priority         = 0 (INTEGER)
    (0x03000000:NameValue):Persistence      = 0 (INTEGER)
    (0x03000000:NameValue):MsgId            = X'414d5120544553545f514d2020202020c83a4e5b23181d3a' (BLOB)
    (0x03000000:NameValue):CorrelId         = X'000000000000000000000000000000000000000000000000' (BLOB)
    (0x03000000:NameValue):BackoutCount     = 0 (INTEGER)
    (0x03000000:NameValue):ReplyToQ         = '                                                ' (CHARACTER)
    (0x03000000:NameValue):ReplyToQMgr      = 'TEST_QM                                         ' (CHARACTER)
    (0x03000000:NameValue):UserIdentifier   = 'ezone       ' (CHARACTER)
    (0x03000000:NameValue):AccountingToken  = X'160105150000006d023f074b7c95cfc697b436e903000000000000000000000b' (BLOB)
    (0x03000000:NameValue):ApplIdentityData = '                                ' (CHARACTER)
    (0x03000000:NameValue):PutApplType      = 11 (INTEGER)
    (0x03000000:NameValue):PutApplName      = 'b softwares\ih03\rfhutil.exe' (CHARACTER)
    (0x03000000:NameValue):PutDate          = DATE '2018-07-18' (DATE)
    (0x03000000:NameValue):PutTime          = GMTTIME '14:37:43.930' (GMTTIME)
    (0x03000000:NameValue):ApplOriginData   = '    ' (CHARACTER)
    (0x03000000:NameValue):GroupId          = X'000000000000000000000000000000000000000000000000' (BLOB)
    (0x03000000:NameValue):MsgSeqNumber     = 1 (INTEGER)
    (0x03000000:NameValue):Offset           = 0 (INTEGER)
    (0x03000000:NameValue):MsgFlags         = 0 (INTEGER)
    (0x03000000:NameValue):OriginalLength   = -1 (INTEGER)
  )
  (0x01000000:Folder):XMLNSC     = ( ['xmlnsc' : 0x14b488d8470]
    (0x01000000:Folder):customer = (
      (0x03000000:PCDataField):tag1            = 'personal' (CHARACTER)
      (0x03000000:PCDataField):tag2            = 'address' (CHARACTER)
      (0x03000000:PCDataField):tag3            = 'company' (CHARACTER)
      (0x01000000:Folder     ):personaldetails = (
        (0x03000000:PCDataField):firstname = 'upender' (CHARACTER)
        (0x03000000:PCDataField):lastname  = 'tadewar' (CHARACTER)
      )
      (0x01000000:Folder     ):addressdetails  = (
        (0x03000000:PCDataField):area  = 'hinjewadi' (CHARACTER)
        (0x03000000:PCDataField):city  = 'pune' (CHARACTER)
        (0x03000000:PCDataField):state = 'maharastra' (CHARACTER)
      )
      (0x01000000:Folder     ):comanydetails   = (
        (0x03000000:PCDataField):comanyname = 'cognizant' (CHARACTER)
        (0x03000000:PCDataField):city       = 'pune' (CHARACTER)
        (0x03000000:PCDataField):state      = 'maharastra' (CHARACTER)
      )
    )
  )
)
LocalEnvironment:  
ExceptionList:  ( ['MQROOT' : 0x14b48b66d10]
  (0x01000000:Name):RecoverableException = (
    (0x03000000:NameValue):File     = 'F:\build\S1000_slot1\S1000_P\src\DataFlowEngine\AggregateNodes\lib\ImbAggregateReplyNode.cpp' (CHARACTER)
    (0x03000000:NameValue):Line     = 1434 (INTEGER)
    (0x03000000:NameValue):Function = 'ImbAggregateReplyNode::findRequest' (CHARACTER)
    (0x03000000:NameValue):Type     = 'ComIbmAggregateReplyNode' (CHARACTER)
    (0x03000000:NameValue):Name     = 'FAN_IN_MF#FCMComposite_1_6' (CHARACTER)
    (0x03000000:NameValue):Label    = 'FAN_IN_MF.Aggregate Reply' (CHARACTER)
    (0x03000000:NameValue):Catalog  = 'BIPmsgs' (CHARACTER)
    (0x03000000:NameValue):Severity = 3 (INTEGER)
    (0x03000000:NameValue):Number   = 4435 (INTEGER)
    (0x03000000:NameValue):Text     = 'invalid replyId on reply message' (CHARACTER)
    (0x01000000:Name     ):Insert   = (
      (0x03000000:NameValue):Type = 5 (INTEGER)
      (0x03000000:NameValue):Text = '000000000000000000000000000000000000000000000000' (CHARACTER)
    )
  )
)
